<?xml version="1.0" encoding="UTF-8"?>
<testsuite name="com.ollee.TwitchFollowerSuggestionApplicationTests" tests="1" skipped="0" failures="0" errors="0" timestamp="2017-05-01T03:08:30" hostname="Tron" time="0.034">
  <properties/>
  <testcase name="contextLoads" classname="com.ollee.TwitchFollowerSuggestionApplicationTests" time="0.034"/>
  <system-out><![CDATA[23:08:27.189 [Test worker] ?[39m[DEBUG]?[0;39m o.s.t.c.j.SpringJUnit4ClassRunner - SpringJUnit4ClassRunner constructor called with [class com.ollee.TwitchFollowerSuggestionApplicationTests]
23:08:27.192 [Test worker] ?[39m[DEBUG]?[0;39m o.s.t.c.BootstrapUtils - Instantiating CacheAwareContextLoaderDelegate from class [org.springframework.test.context.cache.DefaultCacheAwareContextLoaderDelegate]
23:08:27.199 [Test worker] ?[39m[DEBUG]?[0;39m o.s.t.c.BootstrapUtils - Instantiating BootstrapContext using constructor [public org.springframework.test.context.support.DefaultBootstrapContext(java.lang.Class,org.springframework.test.context.CacheAwareContextLoaderDelegate)]
23:08:27.211 [Test worker] ?[39m[DEBUG]?[0;39m o.s.t.c.BootstrapUtils - Instantiating TestContextBootstrapper for test class [com.ollee.TwitchFollowerSuggestionApplicationTests] from class [org.springframework.boot.test.context.SpringBootTestContextBootstrapper]
23:08:27.224 [Test worker] ?[34m[INFO ]?[0;39m o.s.b.t.c.SpringBootTestContextBootstrapper - Neither @ContextConfiguration nor @ContextHierarchy found for test class [com.ollee.TwitchFollowerSuggestionApplicationTests], using SpringBootContextLoader
23:08:27.228 [Test worker] ?[39m[DEBUG]?[0;39m o.s.t.c.s.AbstractContextLoader - Did not detect default resource location for test class [com.ollee.TwitchFollowerSuggestionApplicationTests]: class path resource [com/ollee/TwitchFollowerSuggestionApplicationTests-context.xml] does not exist
23:08:27.228 [Test worker] ?[39m[DEBUG]?[0;39m o.s.t.c.s.AbstractContextLoader - Did not detect default resource location for test class [com.ollee.TwitchFollowerSuggestionApplicationTests]: class path resource [com/ollee/TwitchFollowerSuggestionApplicationTestsContext.groovy] does not exist
23:08:27.228 [Test worker] ?[34m[INFO ]?[0;39m o.s.t.c.s.AbstractContextLoader - Could not detect default resource locations for test class [com.ollee.TwitchFollowerSuggestionApplicationTests]: no resource found for suffixes {-context.xml, Context.groovy}.
23:08:27.228 [Test worker] ?[34m[INFO ]?[0;39m o.s.t.c.s.AnnotationConfigContextLoaderUtils - Could not detect default configuration classes for test class [com.ollee.TwitchFollowerSuggestionApplicationTests]: TwitchFollowerSuggestionApplicationTests does not declare any static, non-private, non-final, nested classes annotated with @Configuration.
23:08:27.256 [Test worker] ?[39m[DEBUG]?[0;39m o.s.t.c.s.ActiveProfilesUtils - Could not find an 'annotation declaring class' for annotation type [org.springframework.test.context.ActiveProfiles] and class [com.ollee.TwitchFollowerSuggestionApplicationTests]
23:08:27.265 [Test worker] ?[39m[DEBUG]?[0;39m o.s.c.e.StandardEnvironment - Adding [systemProperties] PropertySource with lowest search precedence
23:08:27.266 [Test worker] ?[39m[DEBUG]?[0;39m o.s.c.e.StandardEnvironment - Adding [systemEnvironment] PropertySource with lowest search precedence
23:08:27.266 [Test worker] ?[39m[DEBUG]?[0;39m o.s.c.e.StandardEnvironment - Initialized StandardEnvironment with PropertySources [systemProperties,systemEnvironment]
23:08:27.275 [Test worker] ?[39m[DEBUG]?[0;39m o.s.c.i.s.PathMatchingResourcePatternResolver - Resolved classpath location [com/ollee/] to resources [URL [file:/C:/Users/Chris/Documents/GitHub/TwitchFollwerSuggestion/springapp/TwitchFollowerSuggestion/build/classes/test/com/ollee/], URL [file:/C:/Users/Chris/Documents/GitHub/TwitchFollwerSuggestion/springapp/TwitchFollowerSuggestion/build/classes/main/com/ollee/]]
23:08:27.276 [Test worker] ?[39m[DEBUG]?[0;39m o.s.c.i.s.PathMatchingResourcePatternResolver - Looking for matching resources in directory tree [C:\Users\Chris\Documents\GitHub\TwitchFollwerSuggestion\springapp\TwitchFollowerSuggestion\build\classes\test\com\ollee]
23:08:27.277 [Test worker] ?[39m[DEBUG]?[0;39m o.s.c.i.s.PathMatchingResourcePatternResolver - Searching directory [C:\Users\Chris\Documents\GitHub\TwitchFollwerSuggestion\springapp\TwitchFollowerSuggestion\build\classes\test\com\ollee] for files matching pattern [C:/Users/Chris/Documents/GitHub/TwitchFollwerSuggestion/springapp/TwitchFollowerSuggestion/build/classes/test/com/ollee/*.class]
23:08:27.283 [Test worker] ?[39m[DEBUG]?[0;39m o.s.c.i.s.PathMatchingResourcePatternResolver - Looking for matching resources in directory tree [C:\Users\Chris\Documents\GitHub\TwitchFollwerSuggestion\springapp\TwitchFollowerSuggestion\build\classes\main\com\ollee]
23:08:27.283 [Test worker] ?[39m[DEBUG]?[0;39m o.s.c.i.s.PathMatchingResourcePatternResolver - Searching directory [C:\Users\Chris\Documents\GitHub\TwitchFollwerSuggestion\springapp\TwitchFollowerSuggestion\build\classes\main\com\ollee] for files matching pattern [C:/Users/Chris/Documents/GitHub/TwitchFollwerSuggestion/springapp/TwitchFollowerSuggestion/build/classes/main/com/ollee/*.class]
23:08:27.285 [Test worker] ?[39m[DEBUG]?[0;39m o.s.c.i.s.PathMatchingResourcePatternResolver - Resolved location pattern [classpath*:com/ollee/*.class] to resources [file [C:\Users\Chris\Documents\GitHub\TwitchFollwerSuggestion\springapp\TwitchFollowerSuggestion\build\classes\test\com\ollee\TwitchFollowerSuggestionApplicationTests.class], file [C:\Users\Chris\Documents\GitHub\TwitchFollwerSuggestion\springapp\TwitchFollowerSuggestion\build\classes\main\com\ollee\CassandraDriver3.class], file [C:\Users\Chris\Documents\GitHub\TwitchFollwerSuggestion\springapp\TwitchFollowerSuggestion\build\classes\main\com\ollee\LoginController.class], file [C:\Users\Chris\Documents\GitHub\TwitchFollwerSuggestion\springapp\TwitchFollowerSuggestion\build\classes\main\com\ollee\TwitchAPICallHandler$1.class], file [C:\Users\Chris\Documents\GitHub\TwitchFollwerSuggestion\springapp\TwitchFollowerSuggestion\build\classes\main\com\ollee\TwitchAPICallHandler.class], file [C:\Users\Chris\Documents\GitHub\TwitchFollwerSuggestion\springapp\TwitchFollowerSuggestion\build\classes\main\com\ollee\TwitchFollowerSuggestionApplication.class], file [C:\Users\Chris\Documents\GitHub\TwitchFollwerSuggestion\springapp\TwitchFollowerSuggestion\build\classes\main\com\ollee\TwitchWrapper.class], file [C:\Users\Chris\Documents\GitHub\TwitchFollwerSuggestion\springapp\TwitchFollowerSuggestion\build\classes\main\com\ollee\UserName.class]]
23:08:27.337 [Test worker] ?[39m[DEBUG]?[0;39m o.s.c.a.ClassPathScanningCandidateComponentProvider - Identified candidate component class: file [C:\Users\Chris\Documents\GitHub\TwitchFollwerSuggestion\springapp\TwitchFollowerSuggestion\build\classes\main\com\ollee\TwitchFollowerSuggestionApplication.class]
23:08:27.340 [Test worker] ?[34m[INFO ]?[0;39m o.s.b.t.c.SpringBootTestContextBootstrapper - Found @SpringBootConfiguration com.ollee.TwitchFollowerSuggestionApplication for test class com.ollee.TwitchFollowerSuggestionApplicationTests
23:08:27.344 [Test worker] ?[39m[DEBUG]?[0;39m o.s.b.t.c.SpringBootTestContextBootstrapper - @TestExecutionListeners is not present for class [com.ollee.TwitchFollowerSuggestionApplicationTests]: using defaults.
23:08:27.348 [Test worker] ?[34m[INFO ]?[0;39m o.s.b.t.c.SpringBootTestContextBootstrapper - Loaded default TestExecutionListener class names from location [META-INF/spring.factories]: [org.springframework.boot.test.mock.mockito.MockitoTestExecutionListener, org.springframework.boot.test.mock.mockito.ResetMocksTestExecutionListener, org.springframework.boot.test.autoconfigure.restdocs.RestDocsTestExecutionListener, org.springframework.boot.test.autoconfigure.web.client.MockRestServiceServerResetTestExecutionListener, org.springframework.boot.test.autoconfigure.web.servlet.MockMvcPrintOnlyOnFailureTestExecutionListener, org.springframework.boot.test.autoconfigure.web.servlet.WebDriverTestExecutionListener, org.springframework.test.context.web.ServletTestExecutionListener, org.springframework.test.context.support.DirtiesContextBeforeModesTestExecutionListener, org.springframework.test.context.support.DependencyInjectionTestExecutionListener, org.springframework.test.context.support.DirtiesContextTestExecutionListener, org.springframework.test.context.transaction.TransactionalTestExecutionListener, org.springframework.test.context.jdbc.SqlScriptsTestExecutionListener]
23:08:27.371 [Test worker] ?[34m[INFO ]?[0;39m o.s.b.t.c.SpringBootTestContextBootstrapper - Could not instantiate TestExecutionListener [org.springframework.test.context.transaction.TransactionalTestExecutionListener]. Specify custom listener classes or make the default listener classes (and their required dependencies) available. Offending class: [org/springframework/transaction/interceptor/TransactionAttributeSource]
23:08:27.372 [Test worker] ?[34m[INFO ]?[0;39m o.s.b.t.c.SpringBootTestContextBootstrapper - Could not instantiate TestExecutionListener [org.springframework.test.context.jdbc.SqlScriptsTestExecutionListener]. Specify custom listener classes or make the default listener classes (and their required dependencies) available. Offending class: [org/springframework/transaction/interceptor/TransactionAttribute]
23:08:27.373 [Test worker] ?[34m[INFO ]?[0;39m o.s.b.t.c.SpringBootTestContextBootstrapper - Using TestExecutionListeners: [org.springframework.test.context.web.ServletTestExecutionListener@19352a11, org.springframework.test.context.support.DirtiesContextBeforeModesTestExecutionListener@44c13479, org.springframework.boot.test.autoconfigure.SpringBootDependencyInjectionTestExecutionListener@3f9ebabc, org.springframework.test.context.support.DirtiesContextTestExecutionListener@3de3f614, org.springframework.boot.test.mock.mockito.MockitoTestExecutionListener@db6361b, org.springframework.boot.test.mock.mockito.ResetMocksTestExecutionListener@4099a928, org.springframework.boot.test.autoconfigure.restdocs.RestDocsTestExecutionListener@a98b0dd, org.springframework.boot.test.autoconfigure.web.client.MockRestServiceServerResetTestExecutionListener@28e9b4cc, org.springframework.boot.test.autoconfigure.web.servlet.MockMvcPrintOnlyOnFailureTestExecutionListener@14535924, org.springframework.boot.test.autoconfigure.web.servlet.WebDriverTestExecutionListener@190e726f]
23:08:27.376 [Test worker] ?[39m[DEBUG]?[0;39m o.s.t.a.ProfileValueUtils - Retrieved @ProfileValueSourceConfiguration [null] for test class [com.ollee.TwitchFollowerSuggestionApplicationTests]
23:08:27.376 [Test worker] ?[39m[DEBUG]?[0;39m o.s.t.a.ProfileValueUtils - Retrieved ProfileValueSource type [class org.springframework.test.annotation.SystemProfileValueSource] for class [com.ollee.TwitchFollowerSuggestionApplicationTests]
23:08:27.377 [Test worker] ?[39m[DEBUG]?[0;39m o.s.t.a.ProfileValueUtils - Retrieved @ProfileValueSourceConfiguration [null] for test class [com.ollee.TwitchFollowerSuggestionApplicationTests]
23:08:27.378 [Test worker] ?[39m[DEBUG]?[0;39m o.s.t.a.ProfileValueUtils - Retrieved ProfileValueSource type [class org.springframework.test.annotation.SystemProfileValueSource] for class [com.ollee.TwitchFollowerSuggestionApplicationTests]
23:08:27.381 [Test worker] ?[39m[DEBUG]?[0;39m o.s.t.c.s.AbstractDirtiesContextTestExecutionListener - Before test class: context [DefaultTestContext@3a94e046 testClass = TwitchFollowerSuggestionApplicationTests, testInstance = [null], testMethod = [null], testException = [null], mergedContextConfiguration = [WebMergedContextConfiguration@4e374d5a testClass = TwitchFollowerSuggestionApplicationTests, locations = '{}', classes = '{class com.ollee.TwitchFollowerSuggestionApplication}', contextInitializerClasses = '[]', activeProfiles = '{}', propertySourceLocations = '{}', propertySourceProperties = '{org.springframework.boot.test.context.SpringBootTestContextBootstrapper=true}', contextCustomizers = set[org.springframework.boot.test.context.SpringBootTestContextCustomizer@1d732a8f, org.springframework.boot.test.context.filter.ExcludeFilterContextCustomizer@4bc5695e, org.springframework.boot.test.mock.mockito.MockitoContextCustomizer@0, org.springframework.boot.test.autoconfigure.properties.PropertyMappingContextCustomizer@0, org.springframework.boot.test.autoconfigure.web.servlet.WebDriverContextCustomizerFactory$Customizer@3dac4438], resourceBasePath = 'src/main/webapp', contextLoader = 'org.springframework.boot.test.context.SpringBootContextLoader', parent = [null]]], class annotated with @DirtiesContext [false] with mode [null].
23:08:27.382 [Test worker] ?[39m[DEBUG]?[0;39m o.s.t.a.ProfileValueUtils - Retrieved @ProfileValueSourceConfiguration [null] for test class [com.ollee.TwitchFollowerSuggestionApplicationTests]
23:08:27.387 [Test worker] ?[39m[DEBUG]?[0;39m o.s.t.a.ProfileValueUtils - Retrieved ProfileValueSource type [class org.springframework.test.annotation.SystemProfileValueSource] for class [com.ollee.TwitchFollowerSuggestionApplicationTests]
23:08:27.441 [Test worker] ?[39m[DEBUG]?[0;39m o.s.c.e.StandardEnvironment - Adding [systemProperties] PropertySource with lowest search precedence
23:08:27.441 [Test worker] ?[39m[DEBUG]?[0;39m o.s.c.e.StandardEnvironment - Adding [systemEnvironment] PropertySource with lowest search precedence
23:08:27.442 [Test worker] ?[39m[DEBUG]?[0;39m o.s.c.e.StandardEnvironment - Initialized StandardEnvironment with PropertySources [systemProperties,systemEnvironment]
23:08:27.443 [Test worker] ?[39m[DEBUG]?[0;39m o.s.c.e.MutablePropertySources - Adding [inline] PropertySource with highest search precedence
23:08:27.448 [Test worker] ?[39m[DEBUG]?[0;39m o.s.t.c.s.TestPropertySourceUtils - Adding inlined properties to environment: {spring.jmx.enabled=false, org.springframework.boot.test.context.SpringBootTestContextBootstrapper=true, server.port=-1}
23:08:27.449 [Test worker] ?[39m[DEBUG]?[0;39m o.s.c.e.StandardEnvironment - Adding [Inlined Test Properties] PropertySource with highest search precedence
23:08:27.609 [Test worker] ?[39m[DEBUG]?[0;39m o.s.b.l.ClasspathLoggingApplicationListener - Application started with classpath: [file:/C:/Users/Chris/.gradle/caches/3.4.1/workerMain/gradle-worker.jar, file:/C:/Users/Chris/Documents/GitHub/TwitchFollwerSuggestion/springapp/TwitchFollowerSuggestion/build/classes/test/, file:/C:/Users/Chris/Documents/GitHub/TwitchFollwerSuggestion/springapp/TwitchFollowerSuggestion/build/resources/test, file:/C:/Users/Chris/Documents/GitHub/TwitchFollwerSuggestion/springapp/TwitchFollowerSuggestion/build/classes/main/, file:/C:/Users/Chris/Documents/GitHub/TwitchFollwerSuggestion/springapp/TwitchFollowerSuggestion/build/resources/main/, file:/C:/Users/Chris/.gradle/caches/modules-2/files-2.1/org.springframework.boot/spring-boot-starter-web/1.5.2.RELEASE/27f29876980c079b46be16b759eafe92720f3338/spring-boot-starter-web-1.5.2.RELEASE.jar, file:/C:/Users/Chris/.gradle/caches/modules-2/files-2.1/org.springframework.boot/spring-boot-starter-thymeleaf/1.5.2.RELEASE/f72002abba821b4b7bf6f32afac33b526607c2af/spring-boot-starter-thymeleaf-1.5.2.RELEASE.jar, file:/C:/Users/Chris/.gradle/caches/modules-2/files-2.1/com.github.Netflix.astyanax/astyanax/v3.9.0/d6c10f6b17b3c22596c575a67e1170a941c802fd/astyanax-v3.9.0.jar, file:/C:/Users/Chris/.gradle/caches/modules-2/files-2.1/com.github.PhilippHeuer/twitch4j/develop-SNAPSHOT/51f8f81b6fc6d26760762322946a5f9f079edece/twitch4j-develop-SNAPSHOT.jar, file:/C:/Users/Chris/.gradle/caches/modules-2/files-2.1/org.springframework.boot/spring-boot-starter-test/1.5.2.RELEASE/d1d42ca043ea8b25cdf0ac8a2108ee924bfae707/spring-boot-starter-test-1.5.2.RELEASE.jar, file:/C:/Users/Chris/.gradle/caches/modules-2/files-2.1/org.springframework.boot/spring-boot-starter/1.5.2.RELEASE/c72938c86ed3beadb385f29bc2954c8ca3aa47ab/spring-boot-starter-1.5.2.RELEASE.jar, file:/C:/Users/Chris/.gradle/caches/modules-2/files-2.1/org.springframework.boot/spring-boot-starter-tomcat/1.5.2.RELEASE/354320ef371fc4fc126d1bb8564cd73085a48823/spring-boot-starter-tomcat-1.5.2.RELEASE.jar, file:/C:/Users/Chris/.gradle/caches/modules-2/files-2.1/org.hibernate/hibernate-validator/5.3.4.Final/2f6c8c0b646afe18e3ad205726729d3c4a85fe2e/hibernate-validator-5.3.4.Final.jar, file:/C:/Users/Chris/.gradle/caches/modules-2/files-2.1/com.fasterxml.jackson.core/jackson-databind/2.8.7/6c3257ef458ac58a8da69a6dca3d2a15286d88c8/jackson-databind-2.8.7.jar, file:/C:/Users/Chris/.gradle/caches/modules-2/files-2.1/org.springframework/spring-web/4.3.7.RELEASE/7b69fc68cdb74c1c92f72905af6995696fcb56aa/spring-web-4.3.7.RELEASE.jar, file:/C:/Users/Chris/.gradle/caches/modules-2/files-2.1/org.springframework/spring-webmvc/4.3.7.RELEASE/d25b11a605589f176e3ecf1dcae62a991a18b377/spring-webmvc-4.3.7.RELEASE.jar, file:/C:/Users/Chris/.gradle/caches/modules-2/files-2.1/org.thymeleaf/thymeleaf-spring4/2.1.5.RELEASE/74cb9028e99597b5d71a98e919fd531a7fc290b4/thymeleaf-spring4-2.1.5.RELEASE.jar, file:/C:/Users/Chris/.gradle/caches/modules-2/files-2.1/nz.net.ultraq.thymeleaf/thymeleaf-layout-dialect/1.4.0/8d7810c069ed1534b9631fb1e85c35973546086/thymeleaf-layout-dialect-1.4.0.jar, file:/C:/Users/Chris/.gradle/caches/modules-2/files-2.1/com.github.Netflix.astyanax/astyanax-core/v3.9.0/c2a78ddad069b8320a70ca63a3513ee8989e6526/astyanax-core-v3.9.0.jar, file:/C:/Users/Chris/.gradle/caches/modules-2/files-2.1/com.github.Netflix.astyanax/astyanax-cassandra/v3.9.0/c0feebab620d63c70b5cef3197a731bf5f9d1af0/astyanax-cassandra-v3.9.0.jar, file:/C:/Users/Chris/.gradle/caches/modules-2/files-2.1/com.github.Netflix.astyanax/astyanax-thrift/v3.9.0/cc20ae04d1cb617fc4d0c22df6044179a5a350c1/astyanax-thrift-v3.9.0.jar, file:/C:/Users/Chris/.gradle/caches/modules-2/files-2.1/com.github.Netflix.astyanax/astyanax-cql/v3.9.0/f6424d3c42c51ac244fa9cf6de76e59126163046/astyanax-cql-v3.9.0.jar, file:/C:/Users/Chris/.gradle/caches/modules-2/files-2.1/com.github.Netflix.astyanax/astyanax-queue/v3.9.0/48cef796c05a44f16ec412a65ae2f5f4861047cd/astyanax-queue-v3.9.0.jar, file:/C:/Users/Chris/.gradle/caches/modules-2/files-2.1/com.github.Netflix.astyanax/astyanax-recipes/v3.9.0/b8ebdc6ab35ea46377de7e549df268e388065dec/astyanax-recipes-v3.9.0.jar, file:/C:/Users/Chris/.gradle/caches/modules-2/files-2.1/com.github.Netflix.astyanax/astyanax-entity-mapper/v3.9.0/3b9e03c89453777098a2b1dcf2cb743ee4f0523c/astyanax-entity-mapper-v3.9.0.jar, file:/C:/Users/Chris/.gradle/caches/modules-2/files-2.1/com.github.Netflix.astyanax/astyanax-examples/v3.9.0/3fa11615b2b9b3f63955a7d1a72ed409837c666f/astyanax-examples-v3.9.0.jar, file:/C:/Users/Chris/.gradle/caches/modules-2/files-2.1/com.github.Netflix.astyanax/astyanax-contrib/v3.9.0/8adfae920c5cdce510f2b018a9a17e6ac260b08a/astyanax-contrib-v3.9.0.jar, file:/C:/Users/Chris/.gradle/caches/modules-2/files-2.1/io.ratpack/ratpack-core/1.4.5/a50265679d053f5f63cd843f65679a7fa2f1ccf1/ratpack-core-1.4.5.jar, file:/C:/Users/Chris/.gradle/caches/modules-2/files-2.1/ch.qos.logback/logback-classic/1.1.11/ccedfbacef4a6515d2983e3f89ed753d5d4fb665/logback-classic-1.1.11.jar, file:/C:/Users/Chris/.gradle/caches/modules-2/files-2.1/com.jcabi/jcabi-log/0.17.2/72f76493ec20d1bebd8dc8be50283ed021588a87/jcabi-log-0.17.2.jar, file:/C:/Users/Chris/.gradle/caches/modules-2/files-2.1/org.springframework.social/spring-social-core/1.1.4.RELEASE/cb43c308fa99cbe16f476fabfd6ded2c6b8bb8ed/spring-social-core-1.1.4.RELEASE.jar, file:/C:/Users/Chris/.gradle/caches/modules-2/files-2.1/com.neovisionaries/nv-websocket-client/2.2/225e2a6eb3efa44b3bede68b19f5a26ae9cc17c1/nv-websocket-client-2.2.jar, file:/C:/Users/Chris/.gradle/caches/modules-2/files-2.1/org.kitteh.irc/client-lib/3.0.3/175949e27b5efb9487e0dcb7e8fcefc7efa837d4/client-lib-3.0.3.jar, file:/C:/Users/Chris/.gradle/caches/modules-2/files-2.1/commons-io/commons-io/2.5/2852e6e05fbb95076fc091f6d1780f1f8fe35e0f/commons-io-2.5.jar, file:/C:/Users/Chris/.gradle/caches/modules-2/files-2.1/org.isomorphism/token-bucket/1.7/c042997e81cd4f4326dab974fe3127a7e65e34ff/token-bucket-1.7.jar, file:/C:/Users/Chris/.gradle/caches/modules-2/files-2.1/net.jodah/expiringmap/0.5.8/48c79672c74c5605042a3343e9d8a07ad8372be2/expiringmap-0.5.8.jar, file:/C:/Users/Chris/.gradle/caches/modules-2/files-2.1/net.jodah/typetools/0.4.9/be3e69f1723d51cbd1627338f140988dfcc9ae7d/typetools-0.4.9.jar, file:/C:/Users/Chris/.gradle/caches/modules-2/files-2.1/args4j/args4j/2.33/bd87a75374a6d6523de82fef51fc3cfe9baf9fc9/args4j-2.33.jar, file:/C:/Users/Chris/.gradle/caches/modules-2/files-2.1/org.projectlombok/lombok/1.16.14/8486573ff5a5f17f48920c860caf534e7461976b/lombok-1.16.14.jar, file:/C:/Users/Chris/.gradle/caches/modules-2/files-2.1/org.springframework.boot/spring-boot-test/1.5.2.RELEASE/7dcdee8bc720b379d6072c742e2a48ccbb00aa09/spring-boot-test-1.5.2.RELEASE.jar, file:/C:/Users/Chris/.gradle/caches/modules-2/files-2.1/org.springframework.boot/spring-boot-test-autoconfigure/1.5.2.RELEASE/5fb69965871626aea437c0d676d3be6186d2415d/spring-boot-test-autoconfigure-1.5.2.RELEASE.jar, file:/C:/Users/Chris/.gradle/caches/modules-2/files-2.1/com.jayway.jsonpath/json-path/2.2.0/22290d17944bd239fabf5ac69005a60a7ecbbbcb/json-path-2.2.0.jar, file:/C:/Users/Chris/.gradle/caches/modules-2/files-2.1/junit/junit/4.12/2973d150c0dc1fefe998f834810d68f278ea58ec/junit-4.12.jar, file:/C:/Users/Chris/.gradle/caches/modules-2/files-2.1/org.assertj/assertj-core/2.6.0/b532c3fc4f66bcfee4989a3514f1cd56203a33ad/assertj-core-2.6.0.jar, file:/C:/Users/Chris/.gradle/caches/modules-2/files-2.1/org.mockito/mockito-core/1.10.19/e8546f5bef4e061d8dd73895b4e8f40e3fe6effe/mockito-core-1.10.19.jar, file:/C:/Users/Chris/.gradle/caches/modules-2/files-2.1/org.hamcrest/hamcrest-core/1.3/42a25dc3219429f0e5d060061f71acb49bf010a0/hamcrest-core-1.3.jar, file:/C:/Users/Chris/.gradle/caches/modules-2/files-2.1/org.hamcrest/hamcrest-library/1.3/4785a3c21320980282f9f33d0d1264a69040538f/hamcrest-library-1.3.jar, file:/C:/Users/Chris/.gradle/caches/modules-2/files-2.1/org.skyscreamer/jsonassert/1.4.0/9cdbb373a06f6513e51e8c545ee6a5e981463edb/jsonassert-1.4.0.jar, file:/C:/Users/Chris/.gradle/caches/modules-2/files-2.1/org.springframework/spring-core/4.3.7.RELEASE/54fa2db94cc7222edc90ec71354e47cd1dc07f7b/spring-core-4.3.7.RELEASE.jar, file:/C:/Users/Chris/.gradle/caches/modules-2/files-2.1/org.springframework/spring-test/4.3.7.RELEASE/480fc4673b53daa1993eb1940711828ebf35807b/spring-test-4.3.7.RELEASE.jar, file:/C:/Users/Chris/.gradle/caches/modules-2/files-2.1/org.springframework.boot/spring-boot/1.5.2.RELEASE/46bb5d8c9ab5d3ef9e158ca5906ee7d3569befc1/spring-boot-1.5.2.RELEASE.jar, file:/C:/Users/Chris/.gradle/caches/modules-2/files-2.1/org.springframework.boot/spring-boot-autoconfigure/1.5.2.RELEASE/8a9b8c747bc2c86eefde10330cb2984541bcb9d1/spring-boot-autoconfigure-1.5.2.RELEASE.jar, file:/C:/Users/Chris/.gradle/caches/modules-2/files-2.1/org.springframework.boot/spring-boot-starter-logging/1.5.2.RELEASE/32210889e1f9bb09ac134b9f43a117ed62f0bed2/spring-boot-starter-logging-1.5.2.RELEASE.jar, file:/C:/Users/Chris/.gradle/caches/modules-2/files-2.1/org.yaml/snakeyaml/1.17/7a27ea250c5130b2922b86dea63cbb1cc10a660c/snakeyaml-1.17.jar, file:/C:/Users/Chris/.gradle/caches/modules-2/files-2.1/org.apache.tomcat.embed/tomcat-embed-core/8.5.11/72761f51fc7cef3ee19d4aafc7adc605df9f611f/tomcat-embed-core-8.5.11.jar, file:/C:/Users/Chris/.gradle/caches/modules-2/files-2.1/org.apache.tomcat.embed/tomcat-embed-el/8.5.11/60253815b897166903bf5ec41219c5bb15333a69/tomcat-embed-el-8.5.11.jar, file:/C:/Users/Chris/.gradle/caches/modules-2/files-2.1/org.apache.tomcat.embed/tomcat-embed-websocket/8.5.11/dfa65e7857d46630761c0571758a56f7cbd1e9ba/tomcat-embed-websocket-8.5.11.jar, file:/C:/Users/Chris/.gradle/caches/modules-2/files-2.1/javax.validation/validation-api/1.1.0.Final/8613ae82954779d518631e05daa73a6a954817d5/validation-api-1.1.0.Final.jar, file:/C:/Users/Chris/.gradle/caches/modules-2/files-2.1/org.jboss.logging/jboss-logging/3.3.0.Final/3616bb87707910296e2c195dc016287080bba5af/jboss-logging-3.3.0.Final.jar, file:/C:/Users/Chris/.gradle/caches/modules-2/files-2.1/com.fasterxml/classmate/1.3.3/864c8e370a691e343210cc7c532fc198cee460d8/classmate-1.3.3.jar, file:/C:/Users/Chris/.gradle/caches/modules-2/files-2.1/com.fasterxml.jackson.core/jackson-annotations/2.8.0/45b426f7796b741035581a176744d91090e2e6fb/jackson-annotations-2.8.0.jar, file:/C:/Users/Chris/.gradle/caches/modules-2/files-2.1/com.fasterxml.jackson.core/jackson-core/2.8.7/8b46f39c78476fb848c81a49fa807a9e9506dddd/jackson-core-2.8.7.jar, file:/C:/Users/Chris/.gradle/caches/modules-2/files-2.1/org.springframework/spring-aop/4.3.7.RELEASE/3f243d685e4a8a78a0c291445c6d85560ec4d339/spring-aop-4.3.7.RELEASE.jar, file:/C:/Users/Chris/.gradle/caches/modules-2/files-2.1/org.springframework/spring-beans/4.3.7.RELEASE/2de9f59f3202965438f3a02057d6ad8274636044/spring-beans-4.3.7.RELEASE.jar, file:/C:/Users/Chris/.gradle/caches/modules-2/files-2.1/org.springframework/spring-context/4.3.7.RELEASE/34b66b0b7910122ef95ba4fff6da9238ef80a5de/spring-context-4.3.7.RELEASE.jar, file:/C:/Users/Chris/.gradle/caches/modules-2/files-2.1/org.springframework/spring-expression/4.3.7.RELEASE/5257b6486e43d8c05674323fea5b415d4da72f38/spring-expression-4.3.7.RELEASE.jar, file:/C:/Users/Chris/.gradle/caches/modules-2/files-2.1/org.thymeleaf/thymeleaf/2.1.5.RELEASE/513bffa3daaac277460c1a0a2dccb228fa40569e/thymeleaf-2.1.5.RELEASE.jar, file:/C:/Users/Chris/.gradle/caches/modules-2/files-2.1/org.slf4j/slf4j-api/1.7.24/3f6b4bd4f8dbe8d4bea06d107a3826469b85c3e9/slf4j-api-1.7.24.jar, file:/C:/Users/Chris/.gradle/caches/modules-2/files-2.1/org.codehaus.groovy/groovy/2.4.9/f2d11babe9a12219fe74e3518d55d9502527b9b9/groovy-2.4.9.jar, file:/C:/Users/Chris/.gradle/caches/modules-2/files-2.1/joda-time/joda-time/2.9.7/6eb2e87ddb09e944bb88f06f19ba0638d4607ffd/joda-time-2.9.7.jar, file:/C:/Users/Chris/.gradle/caches/modules-2/files-2.1/com.github.stephenc.high-scale-lib/high-scale-lib/1.1.2/e3fbb2a95269eb8049bc72a3b0ce3208378a30f5/high-scale-lib-1.1.2.jar, file:/C:/Users/Chris/.gradle/caches/modules-2/files-2.1/com.eaio.uuid/uuid/3.2/77ba5105d949cd589aff75400d9f7d3676691a46/uuid-3.2.jar, file:/C:/Users/Chris/.gradle/caches/modules-2/files-2.1/org.apache.cassandra/cassandra-all/2.0.12/84c12bd66a499c1fcc187aa889916671c55965b0/cassandra-all-2.0.12.jar, file:/C:/Users/Chris/.gradle/caches/modules-2/files-2.1/org.xerial.snappy/snappy-java/1.0.5/10cb4550360a0ec6b80f09a5209d00b6058e82bf/snappy-java-1.0.5.jar, file:/C:/Users/Chris/.gradle/caches/modules-2/files-2.1/org.apache.cassandra/cassandra-thrift/2.0.12/470a72dafc8d16ccdb41342aeb8001b28dcd6e40/cassandra-thrift-2.0.12.jar, file:/C:/Users/Chris/.gradle/caches/modules-2/files-2.1/org.apache.servicemix.bundles/org.apache.servicemix.bundles.commons-csv/1.0-r706900_3/ff0cd44f590a80c5c87aaa85a0d2bab2d350bc4a/org.apache.servicemix.bundles.commons-csv-1.0-r706900_3.jar, file:/C:/Users/Chris/.gradle/caches/modules-2/files-2.1/org.codehaus.jettison/jettison/1.2/765a6181653f4b05c18c7a9e8f5c1f8269bf9b2/jettison-1.2.jar, file:/C:/Users/Chris/.gradle/caches/modules-2/files-2.1/commons-codec/commons-codec/1.10/4b95f4897fa13f2cd904aee711aeafc0c5295cd8/commons-codec-1.10.jar, file:/C:/Users/Chris/.gradle/caches/modules-2/files-2.1/org.apache.thrift/libthrift/0.9.2/9b067e2e2c5291e9f0d8b3561b1654286e6d81ee/libthrift-0.9.2.jar, file:/C:/Users/Chris/.gradle/caches/modules-2/files-2.1/com.datastax.cassandra/cassandra-driver-core/3.1.4/10728598c6e573e16c456405fe1d6c4292b47299/cassandra-driver-core-3.1.4.jar, file:/C:/Users/Chris/.gradle/caches/modules-2/files-2.1/io.netty/netty/3.9.0.Final/bead2f4609b302c43859f156df8911e50df0610b/netty-3.9.0.Final.jar, file:/C:/Users/Chris/.gradle/caches/modules-2/files-2.1/net.jpountz.lz4/lz4/1.2.0/cd301e9a481eae5b68c53267100aeca43b782b9f/lz4-1.2.0.jar, file:/C:/Users/Chris/.gradle/caches/modules-2/files-2.1/com.codahale.metrics/metrics-core/3.0.2/c6a7fb32776e984b64ff1a548e3044238ea5a931/metrics-core-3.0.2.jar, file:/C:/Users/Chris/.gradle/caches/modules-2/files-2.1/javax.persistence/persistence-api/1.0/5725f57873e05e068803e2bf9d5a8ea3740ffec5/persistence-api-1.0.jar, file:/C:/Users/Chris/.gradle/caches/modules-2/files-2.1/com.netflix.eureka/eureka-client/1.1.110/b8423175933fbe4f518b0c0c41f05eb4f5eef7f8/eureka-client-1.1.110.jar, file:/C:/Users/Chris/.gradle/caches/modules-2/files-2.1/com.netflix.archaius/archaius-core/0.5.12/5bc62e7eb09bf0eb378929f0fac9851dcc9a8e63/archaius-core-0.5.12.jar, file:/C:/Users/Chris/.gradle/caches/modules-2/files-2.1/io.netty/netty-codec-http/4.1.6.Final/ee6c65cb3f39f212241e9131dc05a837e776fd70/netty-codec-http-4.1.6.Final.jar, file:/C:/Users/Chris/.gradle/caches/modules-2/files-2.1/io.netty/netty-handler/4.1.6.Final/a24e92d67e467a3b97ff63642ab56637990685fd/netty-handler-4.1.6.Final.jar, file:/C:/Users/Chris/.gradle/caches/modules-2/files-2.1/io.netty/netty-transport-native-epoll/4.1.6.Final/8c5a8d691d6d97a35a22af45c8e67b8aede1c35d/netty-transport-native-epoll-4.1.6.Final-linux-x86_64.jar, file:/C:/Users/Chris/.gradle/caches/modules-2/files-2.1/org.reactivestreams/reactive-streams/1.0.0.final/e62537f8218067557606489b2790cd74dda39059/reactive-streams-1.0.0.final.jar, file:/C:/Users/Chris/.gradle/caches/modules-2/files-2.1/com.github.ben-manes.caffeine/caffeine/2.3.5/672d74bd3fb0611f671ea4bf65e278c8a5d4af3c/caffeine-2.3.5.jar, file:/C:/Users/Chris/.gradle/caches/modules-2/files-2.1/org.javassist/javassist/3.21.0-GA/598244f595db5c5fb713731eddbb1c91a58d959b/javassist-3.21.0-GA.jar, file:/C:/Users/Chris/.gradle/caches/modules-2/files-2.1/com.fasterxml.jackson.dataformat/jackson-dataformat-yaml/2.8.7/8edf8581b942d4b2727d56ac5dd1f5333a58c376/jackson-dataformat-yaml-2.8.7.jar, file:/C:/Users/Chris/.gradle/caches/modules-2/files-2.1/com.fasterxml.jackson.datatype/jackson-datatype-guava/2.8.7/e1fa48ae9a2a6fa28b310016127aff594a049cdb/jackson-datatype-guava-2.8.7.jar, file:/C:/Users/Chris/.gradle/caches/modules-2/files-2.1/com.fasterxml.jackson.datatype/jackson-datatype-jdk8/2.8.7/ede7f189ea752d17b76ff2145673592e70ad3202/jackson-datatype-jdk8-2.8.7.jar, file:/C:/Users/Chris/.gradle/caches/modules-2/files-2.1/com.fasterxml.jackson.datatype/jackson-datatype-jsr310/2.8.7/7a7d1f890e6c96bb386db4937c96bf3c3f95528a/jackson-datatype-jsr310-2.8.7.jar, file:/C:/Users/Chris/.gradle/caches/modules-2/files-2.1/ch.qos.logback/logback-core/1.1.11/88b8df40340eed549fb07e2613879bf6b006704d/logback-core-1.1.11.jar, file:/C:/Users/Chris/.gradle/caches/modules-2/files-2.1/com.jcabi/jcabi-aspects/0.22/91f5ae18fe67cdc606ce979045071fab16845c1/jcabi-aspects-0.22.jar, file:/C:/Users/Chris/.gradle/caches/modules-2/files-2.1/net.engio/mbassador/1.2.4/dcbed7dc8bf16fe591cd049118fec8e29900a3f2/mbassador-1.2.4.jar, file:/C:/Users/Chris/.gradle/caches/modules-2/files-2.1/io.netty/netty-codec/4.1.6.Final/86ce3c559af6759a0b991b9ad2faec20981e18e/netty-codec-4.1.6.Final.jar, file:/C:/Users/Chris/.gradle/caches/modules-2/files-2.1/net.minidev/json-smart/2.2.1/5b9e5df7a62d1279b70dc882b041d249c4f0b002/json-smart-2.2.1.jar, file:/C:/Users/Chris/.gradle/caches/modules-2/files-2.1/org.objenesis/objenesis/2.1/87c0ea803b69252868d09308b4618f766f135a96/objenesis-2.1.jar, file:/C:/Users/Chris/.gradle/caches/modules-2/files-2.1/com.vaadin.external.google/android-json/0.0.20131108.vaadin1/fa26d351fe62a6a17f5cda1287c1c6110dec413f/android-json-0.0.20131108.vaadin1.jar, file:/C:/Users/Chris/.gradle/caches/modules-2/files-2.1/commons-logging/commons-logging/1.2/4bfc12adfe4842bf07b657f0369c4cb522955686/commons-logging-1.2.jar, file:/C:/Users/Chris/.gradle/caches/modules-2/files-2.1/org.slf4j/jcl-over-slf4j/1.7.24/e6a8629079856a2aa7862c6327ccf6dd1988d7fc/jcl-over-slf4j-1.7.24.jar, file:/C:/Users/Chris/.gradle/caches/modules-2/files-2.1/org.slf4j/jul-to-slf4j/1.7.24/25a2be668cb2ad1d05d76c0773df73b4b53617fd/jul-to-slf4j-1.7.24.jar, file:/C:/Users/Chris/.gradle/caches/modules-2/files-2.1/org.slf4j/log4j-over-slf4j/1.7.24/6ab46c51a3848286a0db3ba7b22037b3834c3c44/log4j-over-slf4j-1.7.24.jar, file:/C:/Users/Chris/.gradle/caches/modules-2/files-2.1/ognl/ognl/3.0.8/37e1aebfde7eb7baebc9ad4f85116ef9009c5fc5/ognl-3.0.8.jar, file:/C:/Users/Chris/.gradle/caches/modules-2/files-2.1/org.unbescape/unbescape/1.1.0.RELEASE/ab0db4fe0a6fa89fb8da2a40008a4e63a7f3f5b9/unbescape-1.1.0.RELEASE.jar, file:/C:/Users/Chris/.gradle/caches/modules-2/files-2.1/com.ning/compress-lzf/0.8.4/994da6bddb79a40c368d3040f2aa06b94faf6b1f/compress-lzf-0.8.4.jar, file:/C:/Users/Chris/.gradle/caches/modules-2/files-2.1/commons-cli/commons-cli/1.1/11c98b99ad538f2f67633afd4d7f4d98ecfbb408/commons-cli-1.1.jar, file:/C:/Users/Chris/.gradle/caches/modules-2/files-2.1/org.apache.commons/commons-lang3/3.1/905075e6c80f206bbe6cf1e809d2caa69f420c76/commons-lang3-3.1.jar, file:/C:/Users/Chris/.gradle/caches/modules-2/files-2.1/com.googlecode.concurrentlinkedhashmap/concurrentlinkedhashmap-lru/1.3/beb907bae0604fdc153cbcc2f0dc84d3ae35bf36/concurrentlinkedhashmap-lru-1.3.jar, file:/C:/Users/Chris/.gradle/caches/modules-2/files-2.1/org.antlr/antlr/3.2/6b0acabea7bb3da058200a77178057e47e25cb69/antlr-3.2.jar, file:/C:/Users/Chris/.gradle/caches/modules-2/files-2.1/jline/jline/1.0/e8f2d4690059d42a8f0f29195884a72a82ce4bb7/jline-1.0.jar, file:/C:/Users/Chris/.gradle/caches/modules-2/files-2.1/com.googlecode.json-simple/json-simple/1.1.1/c9ad4a0850ab676c5c64461a05ca524cdfff59f1/json-simple-1.1.1.jar, file:/C:/Users/Chris/.gradle/caches/modules-2/files-2.1/edu.stanford.ppl/snaptree/0.1/88caaa75fba09a4944f696c398c09da956f7c2c2/snaptree-0.1.jar, file:/C:/Users/Chris/.gradle/caches/modules-2/files-2.1/org.mindrot/jbcrypt/0.3m/fe2d9c5f23767d681a7e38fc8986b812400ec583/jbcrypt-0.3m.jar, file:/C:/Users/Chris/.gradle/caches/modules-2/files-2.1/com.yammer.metrics/metrics-core/2.2.0/f82c035cfa786d3cbec362c38c22a5f5b1bc8724/metrics-core-2.2.0.jar, file:/C:/Users/Chris/.gradle/caches/modules-2/files-2.1/com.addthis.metrics/reporter-config/2.1.0/1f4c83a733634be5f550ed94ceb9475b17ce8ba6/reporter-config-2.1.0.jar, file:/C:/Users/Chris/.gradle/caches/modules-2/files-2.1/com.thinkaurelius.thrift/thrift-server/0.3.7/e8182774da1b1dde3704f450837c79997b5d7025/thrift-server-0.3.7.jar, file:/C:/Users/Chris/.gradle/caches/modules-2/files-2.1/net.sf.supercsv/super-csv/2.1.0/c6466dd0e28c034272b9f70a3f1896c03f1f2b27/super-csv-2.1.0.jar, file:/C:/Users/Chris/.gradle/caches/modules-2/files-2.1/org.slf4j/slf4j-log4j12/1.7.24/309d7b29b14573c05d4c69cc7e44da0cb17212d3/slf4j-log4j12-1.7.24.jar, file:/C:/Users/Chris/.gradle/caches/modules-2/files-2.1/com.github.stephenc/jamm/0.2.5/422d3543c01df2f1d8bd1f3064adb54fb9e93f3/jamm-0.2.5.jar, file:/C:/Users/Chris/.gradle/caches/modules-2/files-2.1/stax/stax-api/1.0.1/49c100caf72d658aca8e58bd74a4ba90fa2b0d70/stax-api-1.0.1.jar, file:/C:/Users/Chris/.gradle/caches/modules-2/files-2.1/io.dropwizard.metrics/metrics-core/3.1.3/60c95a0f487b3b86e7d0e11e8ab7cd7d64288734/metrics-core-3.1.3.jar, file:/C:/Users/Chris/.gradle/caches/modules-2/files-2.1/com.github.jnr/jnr-ffi/2.0.7/f0968c5bb5a283ebda2df3604c2c1129d45196e3/jnr-ffi-2.0.7.jar, file:/C:/Users/Chris/.gradle/caches/modules-2/files-2.1/com.github.jnr/jnr-posix/3.0.27/f7441d13187d93d59656ac8f800cba3043935b59/jnr-posix-3.0.27.jar, file:/C:/Users/Chris/.gradle/caches/modules-2/files-2.1/javax.ws.rs/jsr311-api/1.1.1/59033da2a1afd56af1ac576750a8d0b1830d59e6/jsr311-api-1.1.1.jar, file:/C:/Users/Chris/.gradle/caches/modules-2/files-2.1/com.netflix.servo/servo-core/0.4.36/f537fc916c392236e73a994d266da20a156e8646/servo-core-0.4.36.jar, file:/C:/Users/Chris/.gradle/caches/modules-2/files-2.1/com.sun.jersey/jersey-bundle/1.9.1/67d37c4e80633a0196b733886441855201742a65/jersey-bundle-1.9.1.jar, file:/C:/Users/Chris/.gradle/caches/modules-2/files-2.1/org.apache.httpcomponents/httpclient/4.5.3/d1577ae15f01ef5438c5afc62162457c00a34713/httpclient-4.5.3.jar, file:/C:/Users/Chris/.gradle/caches/modules-2/files-2.1/com.thoughtworks.xstream/xstream/1.4.2/97e5013f391487cce4de6b0eebcde21549e91872/xstream-1.4.2.jar, file:/C:/Users/Chris/.gradle/caches/modules-2/files-2.1/com.sun.jersey.contribs/jersey-apache-client4/1.8/d38bd129a677ae85463f91580634f69d734ce8e0/jersey-apache-client4-1.8.jar, file:/C:/Users/Chris/.gradle/caches/modules-2/files-2.1/io.netty/netty-common/4.1.6.Final/654e4d8e87bc442be5c1d82d0369a3885f7168ea/netty-common-4.1.6.Final.jar, file:/C:/Users/Chris/.gradle/caches/modules-2/files-2.1/io.netty/netty-buffer/4.1.6.Final/dc1a304ee7c448bfa241f60c41948db6f12b653b/netty-buffer-4.1.6.Final.jar, file:/C:/Users/Chris/.gradle/caches/modules-2/files-2.1/io.netty/netty-transport/4.1.6.Final/4cba91ad2711c13a063d480f01edf70aa3f9387d/netty-transport-4.1.6.Final.jar, file:/C:/Users/Chris/.gradle/caches/modules-2/files-2.1/org.aspectj/aspectjrt/1.8.9/87372d9e2323313bec24b09a325bfea8ae0eb867/aspectjrt-1.8.9.jar, file:/C:/Users/Chris/.gradle/caches/modules-2/files-2.1/net.minidev/accessors-smart/1.1/a527213f2fea112a04c9bdf0ec0264e34104cd08/accessors-smart-1.1.jar, file:/C:/Users/Chris/.gradle/caches/modules-2/files-2.1/org.antlr/antlr-runtime/3.2/31c746001016c6226bd7356c9f87a6a084ce3715/antlr-runtime-3.2.jar, file:/C:/Users/Chris/.gradle/caches/modules-2/files-2.1/com.lmax/disruptor/3.0.1/d68c363b12827c644bd60469827b862cad7dc0a2/disruptor-3.0.1.jar, file:/C:/Users/Chris/.gradle/caches/modules-2/files-2.1/com.github.jnr/jffi/1.2.10/d58fdb2283456bc3f049bfbef40b592fa1aaa975/jffi-1.2.10.jar, file:/C:/Users/Chris/.gradle/caches/modules-2/files-2.1/com.github.jnr/jffi/1.2.10/7de1bb566847c2ed71d91ca063a8af604f250ade/jffi-1.2.10-native.jar, file:/C:/Users/Chris/.gradle/caches/modules-2/files-2.1/org.ow2.asm/asm/5.0.3/dcc2193db20e19e1feca8b1240dbbc4e190824fa/asm-5.0.3.jar, file:/C:/Users/Chris/.gradle/caches/modules-2/files-2.1/org.ow2.asm/asm-commons/5.0.3/a7111830132c7f87d08fe48cb0ca07630f8cb91c/asm-commons-5.0.3.jar, file:/C:/Users/Chris/.gradle/caches/modules-2/files-2.1/org.ow2.asm/asm-analysis/5.0.3/c7126aded0e8e13fed5f913559a0dd7b770a10f3/asm-analysis-5.0.3.jar, file:/C:/Users/Chris/.gradle/caches/modules-2/files-2.1/org.ow2.asm/asm-tree/5.0.3/287749b48ba7162fb67c93a026d690b29f410bed/asm-tree-5.0.3.jar, file:/C:/Users/Chris/.gradle/caches/modules-2/files-2.1/org.ow2.asm/asm-util/5.0.3/1512e5571325854b05fb1efce1db75fcced54389/asm-util-5.0.3.jar, file:/C:/Users/Chris/.gradle/caches/modules-2/files-2.1/com.github.jnr/jnr-x86asm/1.0.2/6936bbd6c5b235665d87bd450f5e13b52d4b48/jnr-x86asm-1.0.2.jar, file:/C:/Users/Chris/.gradle/caches/modules-2/files-2.1/com.github.jnr/jnr-constants/0.9.0/6894684e17a84cd500836e82b5e6c674b4d4dda6/jnr-constants-0.9.0.jar, file:/C:/Users/Chris/.gradle/caches/modules-2/files-2.1/com.google.code.findbugs/annotations/2.0.0/d8dff1d83a79f0c0609c360f02bcd2f2fc1f1369/annotations-2.0.0.jar, file:/C:/Users/Chris/.gradle/caches/modules-2/files-2.1/org.apache.httpcomponents/httpcore/4.4.6/e3fd8ced1f52c7574af952e2e6da0df8df08eb82/httpcore-4.4.6.jar, file:/C:/Users/Chris/.gradle/caches/modules-2/files-2.1/xmlpull/xmlpull/1.1.3.1/2b8e230d2ab644e4ecaa94db7cdedbc40c805dfa/xmlpull-1.1.3.1.jar, file:/C:/Users/Chris/.gradle/caches/modules-2/files-2.1/xpp3/xpp3_min/1.1.4c/19d4e90b43059058f6e056f794f0ea4030d60b86/xpp3_min-1.1.4c.jar, file:/C:/Users/Chris/.gradle/caches/modules-2/files-2.1/com.sun.jersey/jersey-client/1.8/89f74128c8371c95e2d88470686473b8745023c0/jersey-client-1.8.jar, file:/C:/Users/Chris/.gradle/caches/modules-2/files-2.1/io.netty/netty-resolver/4.1.6.Final/2a1c97445b6aa544cd029faa72abfb3f85e9957e/netty-resolver-4.1.6.Final.jar, file:/C:/Users/Chris/.gradle/caches/modules-2/files-2.1/org.antlr/stringtemplate/3.2/6fe2e3bb57daebd1555494818909f9664376dd6c/stringtemplate-3.2.jar, file:/C:/Users/Chris/.gradle/caches/modules-2/files-2.1/com.sun.jersey/jersey-core/1.8/b6a0553c0eb3da45a9b8947a0a7283b3b9266d0d/jersey-core-1.8.jar, file:/C:/Users/Chris/.gradle/caches/modules-2/files-2.1/antlr/antlr/2.7.7/83cd2cd674a217ade95a4bb83a8a14f351f48bd0/antlr-2.7.7.jar, file:/C:/Users/Chris/.gradle/caches/modules-2/files-2.1/com.google.guava/guava/19.0/6ce200f6b23222af3d8abb6b6459e6c44f4bb0e9/guava-19.0.jar, file:/C:/Users/Chris/.gradle/caches/modules-2/files-2.1/commons-configuration/commons-configuration/1.8/6cce40435bcd8018018f16898de01976b319941a/commons-configuration-1.8.jar, file:/C:/Users/Chris/.gradle/caches/modules-2/files-2.1/log4j/log4j/1.2.17/5af35056b4d257e4b64b9e8069c0746e8b08629f/log4j-1.2.17.jar, file:/C:/Users/Chris/.gradle/caches/modules-2/files-2.1/org.codehaus.jackson/jackson-mapper-asl/1.9.11/45d70862fa016993193075a1e8e32a01dcf438e8/jackson-mapper-asl-1.9.11.jar, file:/C:/Users/Chris/.gradle/caches/modules-2/files-2.1/org.codehaus.jackson/jackson-core-asl/1.9.11/e32303ef8bd18a5c9272780d49b81c95e05ddf43/jackson-core-asl-1.9.11.jar, file:/C:/Users/Chris/.gradle/caches/modules-2/files-2.1/commons-lang/commons-lang/2.6/ce1edb914c94ebc388f086c6827e8bdeec71ac2/commons-lang-2.6.jar]
23:08:27.613 [Test worker] ?[39m[DEBUG]?[0;39m o.s.c.e.PropertySourcesPropertyResolver - Could not find key 'context.listener.classes' in any property source
23:08:27.615 [Test worker] ?[39m[DEBUG]?[0;39m o.s.c.e.PropertySourcesPropertyResolver - Could not find key 'banner.image.location' in any property source
23:08:27.616 [Test worker] ?[39m[DEBUG]?[0;39m o.s.c.e.PropertySourcesPropertyResolver - Could not find key 'banner.location' in any property source

  .   ____          _            __ _ _
 /\\ / ___'_ __ _ _(_)_ __  __ _ \ \ \ \
( ( )\___ | '_ | '_| | '_ \/ _` | \ \ \ \
 \\/  ___)| |_)| | | | | || (_| |  ) ) ) )
  '  |____| .__|_| |_|_| |_\__, | / / / /
 =========|_|==============|___/=/_/_/_/
 :: Spring Boot ::        (v1.5.2.RELEASE)

23:08:27.652 [Test worker] ?[39m[DEBUG]?[0;39m o.s.c.e.PropertySourcesPropertyResolver - Could not find key 'context.initializer.classes' in any property source
23:08:27.653 [Test worker] ?[39m[DEBUG]?[0;39m o.s.c.e.PropertySourcesPropertyResolver - Could not find key 'spring.config.name:application' in any property source
23:08:27.653 [Test worker] ?[39m[DEBUG]?[0;39m o.s.c.e.PropertySourcesPropertyResolver - Could not find key 'spring.config.name' in any property source
23:08:27.653 [Test worker] ?[39m[DEBUG]?[0;39m o.s.c.e.PropertySourcesPropertyResolver - Could not find key 'vcap.application.name:application' in any property source
23:08:27.653 [Test worker] ?[39m[DEBUG]?[0;39m o.s.c.e.PropertySourcesPropertyResolver - Could not find key 'vcap.application.name' in any property source
23:08:27.653 [Test worker] ?[39m[DEBUG]?[0;39m o.s.c.e.PropertySourcesPropertyResolver - Could not find key 'spring.application.name:application' in any property source
23:08:27.654 [Test worker] ?[39m[DEBUG]?[0;39m o.s.c.e.PropertySourcesPropertyResolver - Could not find key 'spring.application.name' in any property source
23:08:27.654 [Test worker] ?[39m[DEBUG]?[0;39m o.s.c.e.PropertySourcesPropertyResolver - Could not find key 'PORT:null' in any property source
23:08:27.654 [Test worker] ?[39m[DEBUG]?[0;39m o.s.c.e.PropertySourcesPropertyResolver - Could not find key 'PORT' in any property source
23:08:27.654 [Test worker] ?[39m[DEBUG]?[0;39m o.s.c.e.PropertySourcesPropertyResolver - Could not find key 'server.port:null' in any property source
23:08:27.654 [Test worker] ?[39m[DEBUG]?[0;39m o.s.c.e.PropertySourcesPropertyResolver - Found key 'server.port' in [Inlined Test Properties] with type [String]
23:08:27.654 [Test worker] ?[39m[DEBUG]?[0;39m o.s.c.e.PropertySourcesPropertyResolver - Could not find key 'spring.application.index:-1' in any property source
23:08:27.657 [Test worker] ?[39m[DEBUG]?[0;39m o.s.c.e.PropertySourcesPropertyResolver - Could not find key 'spring.application.index' in any property source
23:08:27.658 [Test worker] ?[39m[DEBUG]?[0;39m o.s.c.e.PropertySourcesPropertyResolver - Could not find key 'vcap.application.instance_index:-1' in any property source
23:08:27.658 [Test worker] ?[39m[DEBUG]?[0;39m o.s.c.e.PropertySourcesPropertyResolver - Could not find key 'vcap.application.instance_index' in any property source
23:08:27.659 [Test worker] ?[39m[DEBUG]?[0;39m o.s.c.e.PropertySourcesPropertyResolver - Could not find key 'spring.profiles.active' in any property source
23:08:27.669 [Test worker] ?[39m[DEBUG]?[0;39m o.s.b.f.s.DefaultListableBeanFactory - Returning cached instance of singleton bean 'autoConfigurationReport'
23:08:27.673 [Test worker] ?[34m[INFO ]?[0;39m c.o.TwitchFollowerSuggestionApplicationTests - Starting TwitchFollowerSuggestionApplicationTests on Tron with PID 4576 (started by Chris in C:\Users\Chris\Documents\GitHub\TwitchFollwerSuggestion\springapp\TwitchFollowerSuggestion)
23:08:27.674 [Test worker] ?[39m[DEBUG]?[0;39m c.o.TwitchFollowerSuggestionApplicationTests - Running with Spring Boot v1.5.2.RELEASE, Spring v4.3.7.RELEASE
23:08:27.674 [Test worker] ?[39m[DEBUG]?[0;39m o.s.c.e.PropertySourcesPropertyResolver - Could not find key 'spring.profiles.active' in any property source
23:08:27.675 [Test worker] ?[39m[DEBUG]?[0;39m o.s.c.e.PropertySourcesPropertyResolver - Could not find key 'spring.profiles.default' in any property source
23:08:27.675 [Test worker] ?[34m[INFO ]?[0;39m c.o.TwitchFollowerSuggestionApplicationTests - No active profile set, falling back to default profiles: default
23:08:27.675 [Test worker] ?[39m[DEBUG]?[0;39m o.s.b.SpringApplication - Loading source class com.ollee.TwitchFollowerSuggestionApplication
23:08:27.915 [Test worker] ?[39m[DEBUG]?[0;39m o.s.c.a.ClassPathBeanDefinitionScanner - JSR-250 'javax.annotation.ManagedBean' found and supported for component scanning
23:08:27.925 [Test worker] ?[39m[DEBUG]?[0;39m o.s.b.c.c.ConfigFileApplicationListener - Skipped (empty) config file 'file:/C:/Users/Chris/Documents/GitHub/TwitchFollwerSuggestion/springapp/TwitchFollowerSuggestion/build/resources/main/application.properties' (classpath:/application.properties)
23:08:27.926 [Test worker] ?[39m[DEBUG]?[0;39m o.s.b.c.c.ConfigFileApplicationListener - Skipped (empty) config file 'file:/C:/Users/Chris/Documents/GitHub/TwitchFollwerSuggestion/springapp/TwitchFollowerSuggestion/build/resources/main/application.properties' (classpath:/application.properties) for profile default
23:08:27.929 [Test worker] ?[34m[INFO ]?[0;39m o.s.w.c.s.GenericWebApplicationContext - Refreshing org.springframework.web.context.support.GenericWebApplicationContext@651903ed: startup date [Sun Apr 30 23:08:27 EDT 2017]; root of context hierarchy
23:08:27.929 [Test worker] ?[39m[DEBUG]?[0;39m o.s.w.c.s.GenericWebApplicationContext - Bean factory for org.springframework.web.context.support.GenericWebApplicationContext@651903ed: org.springframework.beans.factory.support.DefaultListableBeanFactory@3e028640: defining beans [org.springframework.boot.test.mock.mockito.MockitoPostProcessor$SpyPostProcessor,org.springframework.boot.test.mock.mockito.MockitoPostProcessor,org.springframework.context.annotation.internalConfigurationAnnotationProcessor,org.springframework.context.annotation.internalAutowiredAnnotationProcessor,org.springframework.context.annotation.internalRequiredAnnotationProcessor,org.springframework.context.annotation.internalCommonAnnotationProcessor,org.springframework.context.event.internalEventListenerProcessor,org.springframework.context.event.internalEventListenerFactory,twitchFollowerSuggestionApplication]; root of factory hierarchy
23:08:27.955 [Test worker] ?[39m[DEBUG]?[0;39m o.s.b.f.s.DefaultListableBeanFactory - Registering scope 'request' with implementation [org.springframework.web.context.request.RequestScope@72ee1e58]
23:08:27.955 [Test worker] ?[39m[DEBUG]?[0;39m o.s.b.f.s.DefaultListableBeanFactory - Registering scope 'session' with implementation [org.springframework.web.context.request.SessionScope@627613a0]
23:08:27.955 [Test worker] ?[39m[DEBUG]?[0;39m o.s.b.f.s.DefaultListableBeanFactory - Registering scope 'globalSession' with implementation [org.springframework.web.context.request.SessionScope@6068cd68]
23:08:27.956 [Test worker] ?[39m[DEBUG]?[0;39m o.s.b.f.s.DefaultListableBeanFactory - Registering scope 'application' with implementation [org.springframework.web.context.support.ServletContextScope@d0fc83c]
23:08:27.960 [Test worker] ?[39m[DEBUG]?[0;39m o.s.b.f.s.DefaultListableBeanFactory - Creating shared instance of singleton bean 'org.springframework.context.annotation.internalConfigurationAnnotationProcessor'
23:08:27.960 [Test worker] ?[39m[DEBUG]?[0;39m o.s.b.f.s.DefaultListableBeanFactory - Creating instance of bean 'org.springframework.context.annotation.internalConfigurationAnnotationProcessor'
23:08:27.966 [Test worker] ?[39m[DEBUG]?[0;39m o.s.b.f.s.DefaultListableBeanFactory - Eagerly caching bean 'org.springframework.context.annotation.internalConfigurationAnnotationProcessor' to allow for resolving potential circular references
23:08:28.013 [Test worker] ?[39m[DEBUG]?[0;39m o.s.b.f.s.DefaultListableBeanFactory - Creating shared instance of singleton bean 'org.springframework.boot.autoconfigure.internalCachingMetadataReaderFactory'
23:08:28.014 [Test worker] ?[39m[DEBUG]?[0;39m o.s.b.f.s.DefaultListableBeanFactory - Creating instance of bean 'org.springframework.boot.autoconfigure.internalCachingMetadataReaderFactory'
23:08:28.017 [Test worker] ?[39m[DEBUG]?[0;39m o.s.b.f.s.DefaultListableBeanFactory - Eagerly caching bean 'org.springframework.boot.autoconfigure.internalCachingMetadataReaderFactory' to allow for resolving potential circular references
23:08:28.019 [Test worker] ?[39m[DEBUG]?[0;39m o.s.b.f.s.DefaultListableBeanFactory - Finished creating instance of bean 'org.springframework.boot.autoconfigure.internalCachingMetadataReaderFactory'
23:08:28.034 [Test worker] ?[39m[DEBUG]?[0;39m o.s.b.f.s.DefaultListableBeanFactory - Finished creating instance of bean 'org.springframework.context.annotation.internalConfigurationAnnotationProcessor'
23:08:28.051 [Test worker] ?[39m[DEBUG]?[0;39m o.s.c.a.ClassPathBeanDefinitionScanner - JSR-250 'javax.annotation.ManagedBean' found and supported for component scanning
23:08:28.054 [Test worker] ?[39m[DEBUG]?[0;39m o.s.c.i.s.PathMatchingResourcePatternResolver - Resolved classpath location [com/ollee/] to resources [URL [file:/C:/Users/Chris/Documents/GitHub/TwitchFollwerSuggestion/springapp/TwitchFollowerSuggestion/build/classes/test/com/ollee/], URL [file:/C:/Users/Chris/Documents/GitHub/TwitchFollwerSuggestion/springapp/TwitchFollowerSuggestion/build/classes/main/com/ollee/]]
23:08:28.055 [Test worker] ?[39m[DEBUG]?[0;39m o.s.c.i.s.PathMatchingResourcePatternResolver - Looking for matching resources in directory tree [C:\Users\Chris\Documents\GitHub\TwitchFollwerSuggestion\springapp\TwitchFollowerSuggestion\build\classes\test\com\ollee]
23:08:28.056 [Test worker] ?[39m[DEBUG]?[0;39m o.s.c.i.s.PathMatchingResourcePatternResolver - Searching directory [C:\Users\Chris\Documents\GitHub\TwitchFollwerSuggestion\springapp\TwitchFollowerSuggestion\build\classes\test\com\ollee] for files matching pattern [C:/Users/Chris/Documents/GitHub/TwitchFollwerSuggestion/springapp/TwitchFollowerSuggestion/build/classes/test/com/ollee/**/*.class]
23:08:28.056 [Test worker] ?[39m[DEBUG]?[0;39m o.s.c.i.s.PathMatchingResourcePatternResolver - Looking for matching resources in directory tree [C:\Users\Chris\Documents\GitHub\TwitchFollwerSuggestion\springapp\TwitchFollowerSuggestion\build\classes\main\com\ollee]
23:08:28.057 [Test worker] ?[39m[DEBUG]?[0;39m o.s.c.i.s.PathMatchingResourcePatternResolver - Searching directory [C:\Users\Chris\Documents\GitHub\TwitchFollwerSuggestion\springapp\TwitchFollowerSuggestion\build\classes\main\com\ollee] for files matching pattern [C:/Users/Chris/Documents/GitHub/TwitchFollwerSuggestion/springapp/TwitchFollowerSuggestion/build/classes/main/com/ollee/**/*.class]
23:08:28.057 [Test worker] ?[39m[DEBUG]?[0;39m o.s.c.i.s.PathMatchingResourcePatternResolver - Searching directory [C:\Users\Chris\Documents\GitHub\TwitchFollwerSuggestion\springapp\TwitchFollowerSuggestion\build\classes\main\com\ollee\deprecated] for files matching pattern [C:/Users/Chris/Documents/GitHub/TwitchFollwerSuggestion/springapp/TwitchFollowerSuggestion/build/classes/main/com/ollee/**/*.class]
23:08:28.059 [Test worker] ?[39m[DEBUG]?[0;39m o.s.c.i.s.PathMatchingResourcePatternResolver - Resolved location pattern [classpath*:com/ollee/**/*.class] to resources [file [C:\Users\Chris\Documents\GitHub\TwitchFollwerSuggestion\springapp\TwitchFollowerSuggestion\build\classes\test\com\ollee\TwitchFollowerSuggestionApplicationTests.class], file [C:\Users\Chris\Documents\GitHub\TwitchFollwerSuggestion\springapp\TwitchFollowerSuggestion\build\classes\main\com\ollee\CassandraDriver3.class], file [C:\Users\Chris\Documents\GitHub\TwitchFollwerSuggestion\springapp\TwitchFollowerSuggestion\build\classes\main\com\ollee\deprecated\CassandraDriver.class], file [C:\Users\Chris\Documents\GitHub\TwitchFollwerSuggestion\springapp\TwitchFollowerSuggestion\build\classes\main\com\ollee\deprecated\CassandraDriver2.class], file [C:\Users\Chris\Documents\GitHub\TwitchFollwerSuggestion\springapp\TwitchFollowerSuggestion\build\classes\main\com\ollee\deprecated\ThreadedGetUserChannelsTimePair.class], file [C:\Users\Chris\Documents\GitHub\TwitchFollwerSuggestion\springapp\TwitchFollowerSuggestion\build\classes\main\com\ollee\deprecated\ThreadedInsert.class], file [C:\Users\Chris\Documents\GitHub\TwitchFollwerSuggestion\springapp\TwitchFollowerSuggestion\build\classes\main\com\ollee\deprecated\ThreadedTwitchWrapperGetUserChannelsFollowed.class], file [C:\Users\Chris\Documents\GitHub\TwitchFollwerSuggestion\springapp\TwitchFollowerSuggestion\build\classes\main\com\ollee\deprecated\TwitchAPIRateLimiter.class], file [C:\Users\Chris\Documents\GitHub\TwitchFollwerSuggestion\springapp\TwitchFollowerSuggestion\build\classes\main\com\ollee\LoginController.class], file [C:\Users\Chris\Documents\GitHub\TwitchFollwerSuggestion\springapp\TwitchFollowerSuggestion\build\classes\main\com\ollee\TwitchAPICallHandler$1.class], file [C:\Users\Chris\Documents\GitHub\TwitchFollwerSuggestion\springapp\TwitchFollowerSuggestion\build\classes\main\com\ollee\TwitchAPICallHandler.class], file [C:\Users\Chris\Documents\GitHub\TwitchFollwerSuggestion\springapp\TwitchFollowerSuggestion\build\classes\main\com\ollee\TwitchFollowerSuggestionApplication.class], file [C:\Users\Chris\Documents\GitHub\TwitchFollwerSuggestion\springapp\TwitchFollowerSuggestion\build\classes\main\com\ollee\TwitchWrapper.class], file [C:\Users\Chris\Documents\GitHub\TwitchFollwerSuggestion\springapp\TwitchFollowerSuggestion\build\classes\main\com\ollee\UserName.class]]
23:08:28.060 [Test worker] ?[39m[DEBUG]?[0;39m o.s.b.f.s.DefaultListableBeanFactory - Returning cached instance of singleton bean 'org.springframework.boot.test.context.filter.TestTypeExcludeFilter'
23:08:28.062 [Test worker] ?[39m[DEBUG]?[0;39m o.s.b.f.s.DefaultListableBeanFactory - Returning cached instance of singleton bean 'org.springframework.boot.test.context.filter.TestTypeExcludeFilter'
23:08:28.064 [Test worker] ?[39m[DEBUG]?[0;39m o.s.b.f.s.DefaultListableBeanFactory - Returning cached instance of singleton bean 'org.springframework.boot.test.context.filter.TestTypeExcludeFilter'
23:08:28.066 [Test worker] ?[39m[DEBUG]?[0;39m o.s.b.f.s.DefaultListableBeanFactory - Returning cached instance of singleton bean 'org.springframework.boot.test.context.filter.TestTypeExcludeFilter'
23:08:28.066 [Test worker] ?[39m[DEBUG]?[0;39m o.s.b.f.s.DefaultListableBeanFactory - Returning cached instance of singleton bean 'org.springframework.boot.test.context.filter.TestTypeExcludeFilter'
23:08:28.067 [Test worker] ?[39m[DEBUG]?[0;39m o.s.b.f.s.DefaultListableBeanFactory - Returning cached instance of singleton bean 'org.springframework.boot.test.context.filter.TestTypeExcludeFilter'
23:08:28.067 [Test worker] ?[39m[DEBUG]?[0;39m o.s.b.f.s.DefaultListableBeanFactory - Returning cached instance of singleton bean 'org.springframework.boot.test.context.filter.TestTypeExcludeFilter'
23:08:28.068 [Test worker] ?[39m[DEBUG]?[0;39m o.s.b.f.s.DefaultListableBeanFactory - Returning cached instance of singleton bean 'org.springframework.boot.test.context.filter.TestTypeExcludeFilter'
23:08:28.069 [Test worker] ?[39m[DEBUG]?[0;39m o.s.b.f.s.DefaultListableBeanFactory - Returning cached instance of singleton bean 'org.springframework.boot.test.context.filter.TestTypeExcludeFilter'
23:08:28.069 [Test worker] ?[39m[DEBUG]?[0;39m o.s.c.a.ClassPathBeanDefinitionScanner - Identified candidate component class: file [C:\Users\Chris\Documents\GitHub\TwitchFollwerSuggestion\springapp\TwitchFollowerSuggestion\build\classes\main\com\ollee\LoginController.class]
23:08:28.069 [Test worker] ?[39m[DEBUG]?[0;39m o.s.b.f.s.DefaultListableBeanFactory - Returning cached instance of singleton bean 'org.springframework.boot.test.context.filter.TestTypeExcludeFilter'
23:08:28.071 [Test worker] ?[39m[DEBUG]?[0;39m o.s.b.f.s.DefaultListableBeanFactory - Returning cached instance of singleton bean 'org.springframework.boot.test.context.filter.TestTypeExcludeFilter'
23:08:28.079 [Test worker] ?[39m[DEBUG]?[0;39m o.s.b.f.s.DefaultListableBeanFactory - Returning cached instance of singleton bean 'org.springframework.boot.test.context.filter.TestTypeExcludeFilter'
23:08:28.079 [Test worker] ?[39m[DEBUG]?[0;39m o.s.b.f.s.DefaultListableBeanFactory - Returning cached instance of singleton bean 'org.springframework.boot.test.context.filter.TestTypeExcludeFilter'
23:08:28.078 [background-preinit] ?[39m[DEBUG]?[0;39m org.jboss.logging - Logging Provider: org.jboss.logging.Slf4jLoggerProvider found via system property
23:08:28.080 [background-preinit] ?[34m[INFO ]?[0;39m o.h.v.i.util.Version - HV000001: Hibernate Validator 5.3.4.Final
23:08:28.086 [Test worker] ?[39m[DEBUG]?[0;39m o.s.c.e.PropertySourcesPropertyResolver - Could not find key 'spring.boot.enableautoconfiguration' in any property source
23:08:28.095 [Test worker] ?[39m[DEBUG]?[0;39m o.s.b.f.s.DefaultListableBeanFactory - Returning cached instance of singleton bean 'org.springframework.boot.autoconfigure.internalCachingMetadataReaderFactory'
23:08:28.112 [background-preinit] ?[39m[DEBUG]?[0;39m o.h.v.i.e.r.DefaultTraversableResolver - Found javax.persistence.Persistence on classpath, but no method 'getPersistenceUtil'. Assuming JPA 1 environment. All properties will per default be traversable.
23:08:28.113 [Test worker] ?[39m[DEBUG]?[0;39m o.s.b.f.s.DefaultListableBeanFactory - Returning cached instance of singleton bean 'autoConfigurationReport'
23:08:28.155 [Test worker] ?[39m[DEBUG]?[0;39m o.s.b.f.s.DefaultListableBeanFactory - Returning cached instance of singleton bean 'autoConfigurationReport'
23:08:28.195 [Test worker] ?[39m[DEBUG]?[0;39m o.s.c.e.PropertySourcesPropertyResolver - Could not find key 'spring.messages.basename' in any property source
23:08:28.195 [Test worker] ?[39m[DEBUG]?[0;39m o.s.c.i.s.PathMatchingResourcePatternResolver - Resolved classpath location [messages.properties] to resources []
23:08:28.195 [Test worker] ?[39m[DEBUG]?[0;39m o.s.b.f.s.DefaultListableBeanFactory - Returning cached instance of singleton bean 'autoConfigurationReport'
23:08:28.199 [Test worker] ?[39m[DEBUG]?[0;39m o.s.b.f.s.DefaultListableBeanFactory - Returning cached instance of singleton bean 'autoConfigurationReport'
23:08:28.207 [Test worker] ?[39m[DEBUG]?[0;39m o.s.b.f.s.DefaultListableBeanFactory - Returning cached instance of singleton bean 'autoConfigurationReport'
23:08:28.215 [Test worker] ?[39m[DEBUG]?[0;39m o.s.b.f.s.DefaultListableBeanFactory - Returning cached instance of singleton bean 'autoConfigurationReport'
23:08:28.217 [Test worker] ?[39m[DEBUG]?[0;39m o.s.b.f.s.DefaultListableBeanFactory - Returning cached instance of singleton bean 'autoConfigurationReport'
23:08:28.217 [Test worker] ?[39m[DEBUG]?[0;39m o.s.b.f.s.DefaultListableBeanFactory - Returning cached instance of singleton bean 'autoConfigurationReport'
23:08:28.218 [Test worker] ?[39m[DEBUG]?[0;39m o.s.b.f.s.DefaultListableBeanFactory - Returning cached instance of singleton bean 'autoConfigurationReport'
23:08:28.222 [Test worker] ?[39m[DEBUG]?[0;39m o.s.b.f.s.DefaultListableBeanFactory - Returning cached instance of singleton bean 'autoConfigurationReport'
23:08:28.223 [Test worker] ?[39m[DEBUG]?[0;39m o.s.b.f.s.DefaultListableBeanFactory - Returning cached instance of singleton bean 'autoConfigurationReport'
23:08:28.225 [Test worker] ?[39m[DEBUG]?[0;39m o.s.b.f.s.DefaultListableBeanFactory - Returning cached instance of singleton bean 'autoConfigurationReport'
23:08:28.226 [Test worker] ?[39m[DEBUG]?[0;39m o.s.b.f.s.DefaultListableBeanFactory - Returning cached instance of singleton bean 'autoConfigurationReport'
23:08:28.228 [Test worker] ?[39m[DEBUG]?[0;39m o.s.b.f.s.DefaultListableBeanFactory - Returning cached instance of singleton bean 'autoConfigurationReport'
23:08:28.230 [Test worker] ?[39m[DEBUG]?[0;39m o.s.b.f.s.DefaultListableBeanFactory - Returning cached instance of singleton bean 'autoConfigurationReport'
23:08:28.235 [Test worker] ?[39m[DEBUG]?[0;39m o.s.b.f.s.DefaultListableBeanFactory - Returning cached instance of singleton bean 'autoConfigurationReport'
23:08:28.238 [Test worker] ?[39m[DEBUG]?[0;39m o.s.b.f.s.DefaultListableBeanFactory - Returning cached instance of singleton bean 'autoConfigurationReport'
23:08:28.239 [Test worker] ?[39m[DEBUG]?[0;39m o.s.b.f.s.DefaultListableBeanFactory - Returning cached instance of singleton bean 'autoConfigurationReport'
23:08:28.243 [Test worker] ?[39m[DEBUG]?[0;39m o.s.b.f.s.DefaultListableBeanFactory - Returning cached instance of singleton bean 'autoConfigurationReport'
23:08:28.243 [Test worker] ?[39m[DEBUG]?[0;39m o.s.b.f.s.DefaultListableBeanFactory - Returning cached instance of singleton bean 'autoConfigurationReport'
23:08:28.246 [Test worker] ?[39m[DEBUG]?[0;39m o.s.b.f.s.DefaultListableBeanFactory - Returning cached instance of singleton bean 'autoConfigurationReport'
23:08:28.248 [Test worker] ?[39m[DEBUG]?[0;39m o.s.b.f.s.DefaultListableBeanFactory - Returning cached instance of singleton bean 'autoConfigurationReport'
23:08:28.252 [Test worker] ?[39m[DEBUG]?[0;39m o.s.b.f.s.DefaultListableBeanFactory - Returning cached instance of singleton bean 'autoConfigurationReport'
23:08:28.255 [Test worker] ?[39m[DEBUG]?[0;39m o.s.b.f.s.DefaultListableBeanFactory - Returning cached instance of singleton bean 'autoConfigurationReport'
23:08:28.258 [Test worker] ?[39m[DEBUG]?[0;39m o.s.b.f.s.DefaultListableBeanFactory - Returning cached instance of singleton bean 'autoConfigurationReport'
23:08:28.259 [Test worker] ?[39m[DEBUG]?[0;39m o.s.b.f.s.DefaultListableBeanFactory - Returning cached instance of singleton bean 'autoConfigurationReport'
23:08:28.261 [Test worker] ?[39m[DEBUG]?[0;39m o.s.b.f.s.DefaultListableBeanFactory - Returning cached instance of singleton bean 'autoConfigurationReport'
23:08:28.262 [Test worker] ?[39m[DEBUG]?[0;39m o.s.b.f.s.DefaultListableBeanFactory - Returning cached instance of singleton bean 'autoConfigurationReport'
23:08:28.263 [Test worker] ?[39m[DEBUG]?[0;39m o.s.b.f.s.DefaultListableBeanFactory - Returning cached instance of singleton bean 'autoConfigurationReport'
23:08:28.263 [Test worker] ?[39m[DEBUG]?[0;39m o.s.b.f.s.DefaultListableBeanFactory - Returning cached instance of singleton bean 'autoConfigurationReport'
23:08:28.268 [Test worker] ?[39m[DEBUG]?[0;39m o.s.b.f.s.DefaultListableBeanFactory - Returning cached instance of singleton bean 'autoConfigurationReport'
23:08:28.274 [Test worker] ?[39m[DEBUG]?[0;39m o.s.b.f.s.DefaultListableBeanFactory - Returning cached instance of singleton bean 'autoConfigurationReport'
23:08:28.278 [Test worker] ?[39m[DEBUG]?[0;39m o.s.b.f.s.DefaultListableBeanFactory - Returning cached instance of singleton bean 'autoConfigurationReport'
23:08:28.278 [Test worker] ?[39m[DEBUG]?[0;39m o.s.b.f.s.DefaultListableBeanFactory - Returning cached instance of singleton bean 'autoConfigurationReport'
23:08:28.283 [Test worker] ?[39m[DEBUG]?[0;39m o.s.b.f.s.DefaultListableBeanFactory - Returning cached instance of singleton bean 'autoConfigurationReport'
23:08:28.288 [Test worker] ?[39m[DEBUG]?[0;39m o.s.b.f.s.DefaultListableBeanFactory - Returning cached instance of singleton bean 'autoConfigurationReport'
23:08:28.294 [Test worker] ?[39m[DEBUG]?[0;39m o.s.b.f.s.DefaultListableBeanFactory - Returning cached instance of singleton bean 'autoConfigurationReport'
23:08:28.294 [Test worker] ?[39m[DEBUG]?[0;39m o.s.c.e.PropertySourcesPropertyResolver - Found key 'spring.jmx.enabled' in [Inlined Test Properties] with type [String]
23:08:28.294 [Test worker] ?[39m[DEBUG]?[0;39m o.s.b.f.s.DefaultListableBeanFactory - Returning cached instance of singleton bean 'autoConfigurationReport'
23:08:28.295 [Test worker] ?[39m[DEBUG]?[0;39m o.s.b.f.s.DefaultListableBeanFactory - Returning cached instance of singleton bean 'autoConfigurationReport'
23:08:28.295 [Test worker] ?[39m[DEBUG]?[0;39m o.s.b.f.s.DefaultListableBeanFactory - Returning cached instance of singleton bean 'autoConfigurationReport'
23:08:28.295 [Test worker] ?[39m[DEBUG]?[0;39m o.s.b.f.s.DefaultListableBeanFactory - Returning cached instance of singleton bean 'autoConfigurationReport'
23:08:28.297 [Test worker] ?[39m[DEBUG]?[0;39m o.s.b.f.s.DefaultListableBeanFactory - Returning cached instance of singleton bean 'autoConfigurationReport'
23:08:28.298 [Test worker] ?[39m[DEBUG]?[0;39m o.s.b.f.s.DefaultListableBeanFactory - Returning cached instance of singleton bean 'autoConfigurationReport'
23:08:28.302 [Test worker] ?[39m[DEBUG]?[0;39m o.s.b.f.s.DefaultListableBeanFactory - Returning cached instance of singleton bean 'autoConfigurationReport'
23:08:28.304 [Test worker] ?[39m[DEBUG]?[0;39m o.s.b.f.s.DefaultListableBeanFactory - Returning cached instance of singleton bean 'autoConfigurationReport'
23:08:28.318 [Test worker] ?[39m[DEBUG]?[0;39m o.s.b.f.s.DefaultListableBeanFactory - Returning cached instance of singleton bean 'autoConfigurationReport'
23:08:28.321 [Test worker] ?[39m[DEBUG]?[0;39m o.s.b.f.s.DefaultListableBeanFactory - Returning cached instance of singleton bean 'autoConfigurationReport'
23:08:28.323 [Test worker] ?[39m[DEBUG]?[0;39m o.s.b.f.s.DefaultListableBeanFactory - Returning cached instance of singleton bean 'autoConfigurationReport'
23:08:28.324 [Test worker] ?[39m[DEBUG]?[0;39m o.s.b.f.s.DefaultListableBeanFactory - Returning cached instance of singleton bean 'autoConfigurationReport'
23:08:28.324 [Test worker] ?[39m[DEBUG]?[0;39m o.s.b.f.s.DefaultListableBeanFactory - Returning cached instance of singleton bean 'autoConfigurationReport'
23:08:28.326 [Test worker] ?[39m[DEBUG]?[0;39m o.s.b.f.s.DefaultListableBeanFactory - Returning cached instance of singleton bean 'autoConfigurationReport'
23:08:28.327 [Test worker] ?[39m[DEBUG]?[0;39m o.s.b.f.s.DefaultListableBeanFactory - Returning cached instance of singleton bean 'autoConfigurationReport'
23:08:28.331 [Test worker] ?[39m[DEBUG]?[0;39m o.s.b.f.s.DefaultListableBeanFactory - Returning cached instance of singleton bean 'autoConfigurationReport'
23:08:28.333 [Test worker] ?[39m[DEBUG]?[0;39m o.s.b.f.s.DefaultListableBeanFactory - Returning cached instance of singleton bean 'autoConfigurationReport'
23:08:28.336 [Test worker] ?[39m[DEBUG]?[0;39m o.s.b.f.s.DefaultListableBeanFactory - Returning cached instance of singleton bean 'autoConfigurationReport'
23:08:28.337 [Test worker] ?[39m[DEBUG]?[0;39m o.s.b.f.s.DefaultListableBeanFactory - Returning cached instance of singleton bean 'autoConfigurationReport'
23:08:28.338 [Test worker] ?[39m[DEBUG]?[0;39m o.s.b.f.s.DefaultListableBeanFactory - Returning cached instance of singleton bean 'autoConfigurationReport'
23:08:28.342 [Test worker] ?[39m[DEBUG]?[0;39m o.s.b.f.s.DefaultListableBeanFactory - Returning cached instance of singleton bean 'autoConfigurationReport'
23:08:28.343 [Test worker] ?[39m[DEBUG]?[0;39m o.s.b.f.s.DefaultListableBeanFactory - Returning cached instance of singleton bean 'autoConfigurationReport'
23:08:28.348 [Test worker] ?[39m[DEBUG]?[0;39m o.s.b.f.s.DefaultListableBeanFactory - Returning cached instance of singleton bean 'autoConfigurationReport'
23:08:28.348 [Test worker] ?[39m[DEBUG]?[0;39m o.s.b.f.s.DefaultListableBeanFactory - Returning cached instance of singleton bean 'autoConfigurationReport'
23:08:28.348 [Test worker] ?[39m[DEBUG]?[0;39m o.s.b.f.s.DefaultListableBeanFactory - Returning cached instance of singleton bean 'autoConfigurationReport'
23:08:28.350 [Test worker] ?[39m[DEBUG]?[0;39m o.s.b.f.s.DefaultListableBeanFactory - Returning cached instance of singleton bean 'autoConfigurationReport'
23:08:28.353 [Test worker] ?[39m[DEBUG]?[0;39m o.s.b.f.s.DefaultListableBeanFactory - Returning cached instance of singleton bean 'autoConfigurationReport'
23:08:28.353 [Test worker] ?[39m[DEBUG]?[0;39m o.s.b.f.s.DefaultListableBeanFactory - Returning cached instance of singleton bean 'autoConfigurationReport'
23:08:28.357 [Test worker] ?[39m[DEBUG]?[0;39m o.s.b.f.s.DefaultListableBeanFactory - Returning cached instance of singleton bean 'autoConfigurationReport'
23:08:28.358 [Test worker] ?[39m[DEBUG]?[0;39m o.s.b.f.s.DefaultListableBeanFactory - Returning cached instance of singleton bean 'autoConfigurationReport'
23:08:28.358 [Test worker] ?[39m[DEBUG]?[0;39m o.s.b.f.s.DefaultListableBeanFactory - Returning cached instance of singleton bean 'autoConfigurationReport'
23:08:28.358 [Test worker] ?[39m[DEBUG]?[0;39m o.s.b.f.s.DefaultListableBeanFactory - Returning cached instance of singleton bean 'autoConfigurationReport'
23:08:28.360 [Test worker] ?[39m[DEBUG]?[0;39m o.s.b.f.s.DefaultListableBeanFactory - Returning cached instance of singleton bean 'autoConfigurationReport'
23:08:28.361 [Test worker] ?[39m[DEBUG]?[0;39m o.s.b.f.s.DefaultListableBeanFactory - Returning cached instance of singleton bean 'autoConfigurationReport'
23:08:28.362 [Test worker] ?[39m[DEBUG]?[0;39m o.s.b.f.s.DefaultListableBeanFactory - Returning cached instance of singleton bean 'autoConfigurationReport'
23:08:28.363 [Test worker] ?[39m[DEBUG]?[0;39m o.s.b.f.s.DefaultListableBeanFactory - Returning cached instance of singleton bean 'autoConfigurationReport'
23:08:28.364 [Test worker] ?[39m[DEBUG]?[0;39m o.s.b.f.s.DefaultListableBeanFactory - Returning cached instance of singleton bean 'autoConfigurationReport'
23:08:28.364 [Test worker] ?[39m[DEBUG]?[0;39m o.s.b.f.s.DefaultListableBeanFactory - Returning cached instance of singleton bean 'autoConfigurationReport'
23:08:28.369 [Test worker] ?[39m[DEBUG]?[0;39m o.s.b.f.s.DefaultListableBeanFactory - Returning cached instance of singleton bean 'autoConfigurationReport'
23:08:28.369 [Test worker] ?[39m[DEBUG]?[0;39m o.s.b.f.s.DefaultListableBeanFactory - Returning cached instance of singleton bean 'autoConfigurationReport'
23:08:28.369 [Test worker] ?[39m[DEBUG]?[0;39m o.s.b.f.s.DefaultListableBeanFactory - Returning cached instance of singleton bean 'autoConfigurationReport'
23:08:28.372 [Test worker] ?[39m[DEBUG]?[0;39m o.s.b.f.s.DefaultListableBeanFactory - Returning cached instance of singleton bean 'autoConfigurationReport'
23:08:28.372 [Test worker] ?[39m[DEBUG]?[0;39m o.s.b.f.s.DefaultListableBeanFactory - Returning cached instance of singleton bean 'autoConfigurationReport'
23:08:28.374 [Test worker] ?[39m[DEBUG]?[0;39m o.s.b.f.s.DefaultListableBeanFactory - Returning cached instance of singleton bean 'autoConfigurationReport'
23:08:28.378 [Test worker] ?[39m[DEBUG]?[0;39m o.s.b.f.s.DefaultListableBeanFactory - Returning cached instance of singleton bean 'autoConfigurationReport'
23:08:28.382 [Test worker] ?[39m[DEBUG]?[0;39m o.s.c.a.ConfigurationClassBeanDefinitionReader - Registered bean definition for imported class 'org.springframework.boot.autoconfigure.context.PropertyPlaceholderAutoConfiguration'
23:08:28.385 [Test worker] ?[39m[DEBUG]?[0;39m o.s.b.f.s.DefaultListableBeanFactory - Creating shared instance of singleton bean 'org.springframework.boot.autoconfigure.condition.BeanTypeRegistry'
23:08:28.385 [Test worker] ?[39m[DEBUG]?[0;39m o.s.b.f.s.DefaultListableBeanFactory - Creating instance of bean 'org.springframework.boot.autoconfigure.condition.BeanTypeRegistry'
23:08:28.393 [Test worker] ?[39m[DEBUG]?[0;39m o.s.b.f.s.DefaultListableBeanFactory - Eagerly caching bean 'org.springframework.boot.autoconfigure.condition.BeanTypeRegistry' to allow for resolving potential circular references
23:08:28.393 [Test worker] ?[39m[DEBUG]?[0;39m o.s.b.f.s.DefaultListableBeanFactory - Finished creating instance of bean 'org.springframework.boot.autoconfigure.condition.BeanTypeRegistry'
23:08:28.394 [Test worker] ?[39m[DEBUG]?[0;39m o.s.b.f.s.DefaultListableBeanFactory - Returning cached instance of singleton bean 'autoConfigurationReport'
23:08:28.396 [Test worker] ?[39m[DEBUG]?[0;39m o.s.c.a.ConfigurationClassBeanDefinitionReader - Registering bean definition for @Bean method org.springframework.boot.autoconfigure.context.PropertyPlaceholderAutoConfiguration.propertySourcesPlaceholderConfigurer()
23:08:28.397 [Test worker] ?[39m[DEBUG]?[0;39m o.s.b.f.s.DefaultListableBeanFactory - Returning cached instance of singleton bean 'autoConfigurationReport'
23:08:28.397 [Test worker] ?[39m[DEBUG]?[0;39m o.s.b.f.s.DefaultListableBeanFactory - Returning cached instance of singleton bean 'autoConfigurationReport'
23:08:28.397 [Test worker] ?[39m[DEBUG]?[0;39m o.s.c.a.ConfigurationClassBeanDefinitionReader - Registered bean definition for imported class 'org.springframework.boot.autoconfigure.jackson.JacksonAutoConfiguration$Jackson2ObjectMapperBuilderCustomizerConfiguration'
23:08:28.397 [Test worker] ?[39m[DEBUG]?[0;39m o.s.c.a.ConfigurationClassBeanDefinitionReader - Registering bean definition for @Bean method org.springframework.boot.autoconfigure.jackson.JacksonAutoConfiguration$Jackson2ObjectMapperBuilderCustomizerConfiguration.standardJacksonObjectMapperBuilderCustomizer()
23:08:28.401 [Test worker] ?[39m[DEBUG]?[0;39m o.s.b.f.s.DefaultListableBeanFactory - Returning cached instance of singleton bean 'autoConfigurationReport'
23:08:28.401 [Test worker] ?[39m[DEBUG]?[0;39m o.s.c.a.ConfigurationClassBeanDefinitionReader - Registered bean definition for imported class 'org.springframework.boot.autoconfigure.jackson.JacksonAutoConfiguration$JacksonObjectMapperBuilderConfiguration'
23:08:28.401 [Test worker] ?[39m[DEBUG]?[0;39m o.s.b.f.s.DefaultListableBeanFactory - Returning cached instance of singleton bean 'org.springframework.boot.autoconfigure.condition.BeanTypeRegistry'
23:08:28.403 [Test worker] ?[39m[DEBUG]?[0;39m o.s.b.f.s.DefaultListableBeanFactory - Returning cached instance of singleton bean 'autoConfigurationReport'
23:08:28.404 [Test worker] ?[39m[DEBUG]?[0;39m o.s.c.a.ConfigurationClassBeanDefinitionReader - Registering bean definition for @Bean method org.springframework.boot.autoconfigure.jackson.JacksonAutoConfiguration$JacksonObjectMapperBuilderConfiguration.jacksonObjectMapperBuilder()
23:08:28.404 [Test worker] ?[39m[DEBUG]?[0;39m o.s.b.f.s.DefaultListableBeanFactory - Returning cached instance of singleton bean 'autoConfigurationReport'
23:08:28.404 [Test worker] ?[39m[DEBUG]?[0;39m o.s.c.a.ConfigurationClassBeanDefinitionReader - Registered bean definition for imported class 'org.springframework.boot.autoconfigure.jackson.JacksonAutoConfiguration$JacksonObjectMapperConfiguration'
23:08:28.404 [Test worker] ?[39m[DEBUG]?[0;39m o.s.b.f.s.DefaultListableBeanFactory - Returning cached instance of singleton bean 'org.springframework.boot.autoconfigure.condition.BeanTypeRegistry'
23:08:28.405 [Test worker] ?[39m[DEBUG]?[0;39m o.s.b.f.s.DefaultListableBeanFactory - Returning cached instance of singleton bean 'autoConfigurationReport'
23:08:28.405 [Test worker] ?[39m[DEBUG]?[0;39m o.s.c.a.ConfigurationClassBeanDefinitionReader - Registering bean definition for @Bean method org.springframework.boot.autoconfigure.jackson.JacksonAutoConfiguration$JacksonObjectMapperConfiguration.jacksonObjectMapper()
23:08:28.405 [Test worker] ?[39m[DEBUG]?[0;39m o.s.c.a.ConfigurationClassBeanDefinitionReader - Registered bean definition for imported class 'org.springframework.boot.autoconfigure.jackson.JacksonAutoConfiguration'
23:08:28.405 [Test worker] ?[39m[DEBUG]?[0;39m o.s.c.a.ConfigurationClassBeanDefinitionReader - Registering bean definition for @Bean method org.springframework.boot.autoconfigure.jackson.JacksonAutoConfiguration.jsonComponentModule()
23:08:28.405 [Test worker] ?[39m[DEBUG]?[0;39m o.s.b.f.s.DefaultListableBeanFactory - Returning cached instance of singleton bean 'autoConfigurationReport'
23:08:28.405 [Test worker] ?[39m[DEBUG]?[0;39m o.s.b.f.s.DefaultListableBeanFactory - Returning cached instance of singleton bean 'autoConfigurationReport'
23:08:28.406 [Test worker] ?[39m[DEBUG]?[0;39m o.s.b.f.s.DefaultListableBeanFactory - Returning cached instance of singleton bean 'autoConfigurationReport'
23:08:28.406 [Test worker] ?[39m[DEBUG]?[0;39m o.s.c.a.ConfigurationClassBeanDefinitionReader - Registered bean definition for imported class 'org.springframework.boot.autoconfigure.websocket.WebSocketAutoConfiguration$TomcatWebSocketConfiguration'
23:08:28.406 [Test worker] ?[39m[DEBUG]?[0;39m o.s.b.f.s.DefaultListableBeanFactory - Returning cached instance of singleton bean 'autoConfigurationReport'
23:08:28.406 [Test worker] ?[39m[DEBUG]?[0;39m o.s.b.f.s.DefaultListableBeanFactory - Returning cached instance of singleton bean 'autoConfigurationReport'
23:08:28.406 [Test worker] ?[39m[DEBUG]?[0;39m o.s.c.a.ConfigurationClassBeanDefinitionReader - Registering bean definition for @Bean method org.springframework.boot.autoconfigure.websocket.WebSocketAutoConfiguration$TomcatWebSocketConfiguration.websocketContainerCustomizer()
23:08:28.407 [Test worker] ?[39m[DEBUG]?[0;39m o.s.c.a.ConfigurationClassBeanDefinitionReader - Registered bean definition for imported class 'org.springframework.boot.autoconfigure.websocket.WebSocketAutoConfiguration'
23:08:28.407 [Test worker] ?[39m[DEBUG]?[0;39m o.s.b.f.s.DefaultListableBeanFactory - Returning cached instance of singleton bean 'autoConfigurationReport'
23:08:28.407 [Test worker] ?[39m[DEBUG]?[0;39m o.s.b.f.s.DefaultListableBeanFactory - Returning cached instance of singleton bean 'autoConfigurationReport'
23:08:28.408 [Test worker] ?[39m[DEBUG]?[0;39m o.s.b.f.s.DefaultListableBeanFactory - Returning cached instance of singleton bean 'org.springframework.boot.autoconfigure.condition.BeanTypeRegistry'
23:08:28.410 [Test worker] ?[39m[DEBUG]?[0;39m o.s.b.f.s.DefaultListableBeanFactory - Returning cached instance of singleton bean 'autoConfigurationReport'
23:08:28.410 [Test worker] ?[39m[DEBUG]?[0;39m o.s.c.a.ConfigurationClassBeanDefinitionReader - Registered bean definition for imported class 'org.springframework.boot.autoconfigure.web.EmbeddedServletContainerAutoConfiguration$EmbeddedTomcat'
23:08:28.414 [Test worker] ?[39m[DEBUG]?[0;39m o.s.c.a.ConfigurationClassBeanDefinitionReader - Registering bean definition for @Bean method org.springframework.boot.autoconfigure.web.EmbeddedServletContainerAutoConfiguration$EmbeddedTomcat.tomcatEmbeddedServletContainerFactory()
23:08:28.414 [Test worker] ?[39m[DEBUG]?[0;39m o.s.c.a.ConfigurationClassBeanDefinitionReader - Registered bean definition for imported class 'org.springframework.boot.autoconfigure.web.EmbeddedServletContainerAutoConfiguration'
23:08:28.418 [Test worker] ?[39m[DEBUG]?[0;39m o.s.b.f.s.DefaultListableBeanFactory - Returning cached instance of singleton bean 'autoConfigurationReport'
[...]

    org.springframework.boot.autoconfigure.web.WebClientAutoConfiguration

    org.springframework.boot.autoconfigure.context.PropertyPlaceholderAutoConfiguration

    org.springframework.boot.autoconfigure.info.ProjectInfoAutoConfiguration



23:08:30.374 [Test worker] ?[39m[DEBUG]?[0;39m o.s.w.s.r.ResourceUrlProvider - Looking for resource handler mappings
23:08:30.374 [Test worker] ?[39m[DEBUG]?[0;39m o.s.b.f.s.DefaultListableBeanFactory - Returning cached instance of singleton bean 'resourceHandlerMapping'
23:08:30.374 [Test worker] ?[39m[DEBUG]?[0;39m o.s.b.f.s.DefaultListableBeanFactory - Returning cached instance of singleton bean 'faviconHandlerMapping'
23:08:30.375 [Test worker] ?[39m[DEBUG]?[0;39m o.s.w.s.r.ResourceUrlProvider - Found resource handler mapping: URL pattern="/**/favicon.ico", locations=[ServletContext resource [/], class path resource [META-INF/resources/], class path resource [resources/], class path resource [static/], class path resource [public/], class path resource []], resolvers=[org.springframework.web.servlet.resource.PathResourceResolver@23ac230f]
23:08:30.375 [Test worker] ?[39m[DEBUG]?[0;39m o.s.w.s.r.ResourceUrlProvider - Found resource handler mapping: URL pattern="/webjars/**", locations=[class path resource [META-INF/resources/webjars/]], resolvers=[org.springframework.web.servlet.resource.PathResourceResolver@22efc009]
23:08:30.375 [Test worker] ?[39m[DEBUG]?[0;39m o.s.w.s.r.ResourceUrlProvider - Found resource handler mapping: URL pattern="/**", locations=[ServletContext resource [/], class path resource [META-INF/resources/], class path resource [resources/], class path resource [static/], class path resource [public/]], resolvers=[org.springframework.web.servlet.resource.PathResourceResolver@4fd88d78]
23:08:30.376 [Test worker] ?[39m[DEBUG]?[0;39m o.s.c.e.PropertySourcesPropertyResolver - Could not find key 'spring.liveBeansView.mbeanDomain' in any property source
23:08:30.381 [Test worker] ?[34m[INFO ]?[0;39m c.o.TwitchFollowerSuggestionApplicationTests - Started TwitchFollowerSuggestionApplicationTests in 2.924 seconds (JVM running for 3.883)
23:08:30.382 [Test worker] ?[39m[DEBUG]?[0;39m o.s.t.c.c.DefaultCacheAwareContextLoaderDelegate - Storing ApplicationContext in cache under key [[WebMergedContextConfiguration@4e374d5a testClass = TwitchFollowerSuggestionApplicationTests, locations = '{}', classes = '{class com.ollee.TwitchFollowerSuggestionApplication}', contextInitializerClasses = '[]', activeProfiles = '{}', propertySourceLocations = '{}', propertySourceProperties = '{org.springframework.boot.test.context.SpringBootTestContextBootstrapper=true}', contextCustomizers = set[org.springframework.boot.test.context.SpringBootTestContextCustomizer@1d732a8f, org.springframework.boot.test.context.filter.ExcludeFilterContextCustomizer@4bc5695e, org.springframework.boot.test.mock.mockito.MockitoContextCustomizer@0, org.springframework.boot.test.autoconfigure.properties.PropertyMappingContextCustomizer@0, org.springframework.boot.test.autoconfigure.web.servlet.WebDriverContextCustomizerFactory$Customizer@3dac4438], resourceBasePath = 'src/main/webapp', contextLoader = 'org.springframework.boot.test.context.SpringBootContextLoader', parent = [null]]]
23:08:30.383 [Test worker] ?[39m[DEBUG]?[0;39m o.s.test.context.cache - Spring test ApplicationContext cache statistics: [DefaultContextCache@73f25cfd size = 1, maxSize = 32, parentContextCount = 0, hitCount = 0, missCount = 1]
23:08:30.383 [Test worker] ?[39m[DEBUG]?[0;39m o.s.t.c.w.ServletTestExecutionListener - Setting up MockHttpServletRequest, MockHttpServletResponse, ServletWebRequest, and RequestContextHolder for test context [DefaultTestContext@3a94e046 testClass = TwitchFollowerSuggestionApplicationTests, testInstance = com.ollee.TwitchFollowerSuggestionApplicationTests@650272fa, testMethod = [null], testException = [null], mergedContextConfiguration = [WebMergedContextConfiguration@4e374d5a testClass = TwitchFollowerSuggestionApplicationTests, locations = '{}', classes = '{class com.ollee.TwitchFollowerSuggestionApplication}', contextInitializerClasses = '[]', activeProfiles = '{}', propertySourceLocations = '{}', propertySourceProperties = '{org.springframework.boot.test.context.SpringBootTestContextBootstrapper=true}', contextCustomizers = set[org.springframework.boot.test.context.SpringBootTestContextCustomizer@1d732a8f, org.springframework.boot.test.context.filter.ExcludeFilterContextCustomizer@4bc5695e, org.springframework.boot.test.mock.mockito.MockitoContextCustomizer@0, org.springframework.boot.test.autoconfigure.properties.PropertyMappingContextCustomizer@0, org.springframework.boot.test.autoconfigure.web.servlet.WebDriverContextCustomizerFactory$Customizer@3dac4438], resourceBasePath = 'src/main/webapp', contextLoader = 'org.springframework.boot.test.context.SpringBootContextLoader', parent = [null]]].
23:08:30.393 [Test worker] ?[39m[DEBUG]?[0;39m o.s.t.c.s.DependencyInjectionTestExecutionListener - Performing dependency injection for test context [[DefaultTestContext@3a94e046 testClass = TwitchFollowerSuggestionApplicationTests, testInstance = com.ollee.TwitchFollowerSuggestionApplicationTests@650272fa, testMethod = [null], testException = [null], mergedContextConfiguration = [WebMergedContextConfiguration@4e374d5a testClass = TwitchFollowerSuggestionApplicationTests, locations = '{}', classes = '{class com.ollee.TwitchFollowerSuggestionApplication}', contextInitializerClasses = '[]', activeProfiles = '{}', propertySourceLocations = '{}', propertySourceProperties = '{org.springframework.boot.test.context.SpringBootTestContextBootstrapper=true}', contextCustomizers = set[org.springframework.boot.test.context.SpringBootTestContextCustomizer@1d732a8f, org.springframework.boot.test.context.filter.ExcludeFilterContextCustomizer@4bc5695e, org.springframework.boot.test.mock.mockito.MockitoContextCustomizer@0, org.springframework.boot.test.autoconfigure.properties.PropertyMappingContextCustomizer@0, org.springframework.boot.test.autoconfigure.web.servlet.WebDriverContextCustomizerFactory$Customizer@3dac4438], resourceBasePath = 'src/main/webapp', contextLoader = 'org.springframework.boot.test.context.SpringBootContextLoader', parent = [null]]]].
23:08:30.394 [Test worker] ?[39m[DEBUG]?[0;39m o.s.t.c.c.DefaultCacheAwareContextLoaderDelegate - Retrieved ApplicationContext from cache with key [[WebMergedContextConfiguration@4e374d5a testClass = TwitchFollowerSuggestionApplicationTests, locations = '{}', classes = '{class com.ollee.TwitchFollowerSuggestionApplication}', contextInitializerClasses = '[]', activeProfiles = '{}', propertySourceLocations = '{}', propertySourceProperties = '{org.springframework.boot.test.context.SpringBootTestContextBootstrapper=true}', contextCustomizers = set[org.springframework.boot.test.context.SpringBootTestContextCustomizer@1d732a8f, org.springframework.boot.test.context.filter.ExcludeFilterContextCustomizer@4bc5695e, org.springframework.boot.test.mock.mockito.MockitoContextCustomizer@0, org.springframework.boot.test.autoconfigure.properties.PropertyMappingContextCustomizer@0, org.springframework.boot.test.autoconfigure.web.servlet.WebDriverContextCustomizerFactory$Customizer@3dac4438], resourceBasePath = 'src/main/webapp', contextLoader = 'org.springframework.boot.test.context.SpringBootContextLoader', parent = [null]]]
23:08:30.394 [Test worker] ?[39m[DEBUG]?[0;39m o.s.test.context.cache - Spring test ApplicationContext cache statistics: [DefaultContextCache@73f25cfd size = 1, maxSize = 32, parentContextCount = 0, hitCount = 1, missCount = 1]
23:08:30.399 [Test worker] ?[39m[DEBUG]?[0;39m o.s.t.c.s.AbstractDirtiesContextTestExecutionListener - Before test method: context [DefaultTestContext@3a94e046 testClass = TwitchFollowerSuggestionApplicationTests, testInstance = com.ollee.TwitchFollowerSuggestionApplicationTests@650272fa, testMethod = contextLoads@TwitchFollowerSuggestionApplicationTests, testException = [null], mergedContextConfiguration = [WebMergedContextConfiguration@4e374d5a testClass = TwitchFollowerSuggestionApplicationTests, locations = '{}', classes = '{class com.ollee.TwitchFollowerSuggestionApplication}', contextInitializerClasses = '[]', activeProfiles = '{}', propertySourceLocations = '{}', propertySourceProperties = '{org.springframework.boot.test.context.SpringBootTestContextBootstrapper=true}', contextCustomizers = set[org.springframework.boot.test.context.SpringBootTestContextCustomizer@1d732a8f, org.springframework.boot.test.context.filter.ExcludeFilterContextCustomizer@4bc5695e, org.springframework.boot.test.mock.mockito.MockitoContextCustomizer@0, org.springframework.boot.test.autoconfigure.properties.PropertyMappingContextCustomizer@0, org.springframework.boot.test.autoconfigure.web.servlet.WebDriverContextCustomizerFactory$Customizer@3dac4438], resourceBasePath = 'src/main/webapp', contextLoader = 'org.springframework.boot.test.context.SpringBootContextLoader', parent = [null]]], class annotated with @DirtiesContext [false] with mode [null], method annotated with @DirtiesContext [false] with mode [null].
23:08:30.399 [Test worker] ?[39m[DEBUG]?[0;39m o.s.t.c.c.DefaultCacheAwareContextLoaderDelegate - Retrieved ApplicationContext from cache with key [[WebMergedContextConfiguration@4e374d5a testClass = TwitchFollowerSuggestionApplicationTests, locations = '{}', classes = '{class com.ollee.TwitchFollowerSuggestionApplication}', contextInitializerClasses = '[]', activeProfiles = '{}', propertySourceLocations = '{}', propertySourceProperties = '{org.springframework.boot.test.context.SpringBootTestContextBootstrapper=true}', contextCustomizers = set[org.springframework.boot.test.context.SpringBootTestContextCustomizer@1d732a8f, org.springframework.boot.test.context.filter.ExcludeFilterContextCustomizer@4bc5695e, org.springframework.boot.test.mock.mockito.MockitoContextCustomizer@0, org.springframework.boot.test.autoconfigure.properties.PropertyMappingContextCustomizer@0, org.springframework.boot.test.autoconfigure.web.servlet.WebDriverContextCustomizerFactory$Customizer@3dac4438], resourceBasePath = 'src/main/webapp', contextLoader = 'org.springframework.boot.test.context.SpringBootContextLoader', parent = [null]]]
23:08:30.399 [Test worker] ?[39m[DEBUG]?[0;39m o.s.test.context.cache - Spring test ApplicationContext cache statistics: [DefaultContextCache@73f25cfd size = 1, maxSize = 32, parentContextCount = 0, hitCount = 2, missCount = 1]
23:08:30.421 [Test worker] ?[39m[DEBUG]?[0;39m o.s.b.f.s.DefaultListableBeanFactory - Returning cached instance of singleton bean 'org.springframework.boot.test.mock.mockito.MockitoBeans'
23:08:30.427 [Test worker] ?[39m[DEBUG]?[0;39m o.s.t.c.c.DefaultCacheAwareContextLoaderDelegate - Retrieved ApplicationContext from cache with key [[WebMergedContextConfiguration@4e374d5a testClass = TwitchFollowerSuggestionApplicationTests, locations = '{}', classes = '{class com.ollee.TwitchFollowerSuggestionApplication}', contextInitializerClasses = '[]', activeProfiles = '{}', propertySourceLocations = '{}', propertySourceProperties = '{org.springframework.boot.test.context.SpringBootTestContextBootstrapper=true}', contextCustomizers = set[org.springframework.boot.test.context.SpringBootTestContextCustomizer@1d732a8f, org.springframework.boot.test.context.filter.ExcludeFilterContextCustomizer@4bc5695e, org.springframework.boot.test.mock.mockito.MockitoContextCustomizer@0, org.springframework.boot.test.autoconfigure.properties.PropertyMappingContextCustomizer@0, org.springframework.boot.test.autoconfigure.web.servlet.WebDriverContextCustomizerFactory$Customizer@3dac4438], resourceBasePath = 'src/main/webapp', contextLoader = 'org.springframework.boot.test.context.SpringBootContextLoader', parent = [null]]]
23:08:30.427 [Test worker] ?[39m[DEBUG]?[0;39m o.s.test.context.cache - Spring test ApplicationContext cache statistics: [DefaultContextCache@73f25cfd size = 1, maxSize = 32, parentContextCount = 0, hitCount = 3, missCount = 1]
23:08:30.427 [Test worker] ?[39m[DEBUG]?[0;39m o.s.t.c.c.DefaultCacheAwareContextLoaderDelegate - Retrieved ApplicationContext from cache with key [[WebMergedContextConfiguration@4e374d5a testClass = TwitchFollowerSuggestionApplicationTests, locations = '{}', classes = '{class com.ollee.TwitchFollowerSuggestionApplication}', contextInitializerClasses = '[]', activeProfiles = '{}', propertySourceLocations = '{}', propertySourceProperties = '{org.springframework.boot.test.context.SpringBootTestContextBootstrapper=true}', contextCustomizers = set[org.springframework.boot.test.context.SpringBootTestContextCustomizer@1d732a8f, org.springframework.boot.test.context.filter.ExcludeFilterContextCustomizer@4bc5695e, org.springframework.boot.test.mock.mockito.MockitoContextCustomizer@0, org.springframework.boot.test.autoconfigure.properties.PropertyMappingContextCustomizer@0, org.springframework.boot.test.autoconfigure.web.servlet.WebDriverContextCustomizerFactory$Customizer@3dac4438], resourceBasePath = 'src/main/webapp', contextLoader = 'org.springframework.boot.test.context.SpringBootContextLoader', parent = [null]]]
23:08:30.427 [Test worker] ?[39m[DEBUG]?[0;39m o.s.test.context.cache - Spring test ApplicationContext cache statistics: [DefaultContextCache@73f25cfd size = 1, maxSize = 32, parentContextCount = 0, hitCount = 4, missCount = 1]
23:08:30.429 [Test worker] ?[39m[DEBUG]?[0;39m o.s.t.c.c.DefaultCacheAwareContextLoaderDelegate - Retrieved ApplicationContext from cache with key [[WebMergedContextConfiguration@4e374d5a testClass = TwitchFollowerSuggestionApplicationTests, locations = '{}', classes = '{class com.ollee.TwitchFollowerSuggestionApplication}', contextInitializerClasses = '[]', activeProfiles = '{}', propertySourceLocations = '{}', propertySourceProperties = '{org.springframework.boot.test.context.SpringBootTestContextBootstrapper=true}', contextCustomizers = set[org.springframework.boot.test.context.SpringBootTestContextCustomizer@1d732a8f, org.springframework.boot.test.context.filter.ExcludeFilterContextCustomizer@4bc5695e, org.springframework.boot.test.mock.mockito.MockitoContextCustomizer@0, org.springframework.boot.test.autoconfigure.properties.PropertyMappingContextCustomizer@0, org.springframework.boot.test.autoconfigure.web.servlet.WebDriverContextCustomizerFactory$Customizer@3dac4438], resourceBasePath = 'src/main/webapp', contextLoader = 'org.springframework.boot.test.context.SpringBootContextLoader', parent = [null]]]
23:08:30.429 [Test worker] ?[39m[DEBUG]?[0;39m o.s.test.context.cache - Spring test ApplicationContext cache statistics: [DefaultContextCache@73f25cfd size = 1, maxSize = 32, parentContextCount = 0, hitCount = 5, missCount = 1]
23:08:30.430 [Test worker] ?[39m[DEBUG]?[0;39m o.s.b.f.s.DefaultListableBeanFactory - Returning cached instance of singleton bean 'org.springframework.boot.test.mock.mockito.MockitoBeans'
23:08:30.430 [Test worker] ?[39m[DEBUG]?[0;39m o.s.t.c.s.AbstractDirtiesContextTestExecutionListener - After test method: context [DefaultTestContext@3a94e046 testClass = TwitchFollowerSuggestionApplicationTests, testInstance = com.ollee.TwitchFollowerSuggestionApplicationTests@650272fa, testMethod = contextLoads@TwitchFollowerSuggestionApplicationTests, testException = [null], mergedContextConfiguration = [WebMergedContextConfiguration@4e374d5a testClass = TwitchFollowerSuggestionApplicationTests, locations = '{}', classes = '{class com.ollee.TwitchFollowerSuggestionApplication}', contextInitializerClasses = '[]', activeProfiles = '{}', propertySourceLocations = '{}', propertySourceProperties = '{org.springframework.boot.test.context.SpringBootTestContextBootstrapper=true}', contextCustomizers = set[org.springframework.boot.test.context.SpringBootTestContextCustomizer@1d732a8f, org.springframework.boot.test.context.filter.ExcludeFilterContextCustomizer@4bc5695e, org.springframework.boot.test.mock.mockito.MockitoContextCustomizer@0, org.springframework.boot.test.autoconfigure.properties.PropertyMappingContextCustomizer@0, org.springframework.boot.test.autoconfigure.web.servlet.WebDriverContextCustomizerFactory$Customizer@3dac4438], resourceBasePath = 'src/main/webapp', contextLoader = 'org.springframework.boot.test.context.SpringBootContextLoader', parent = [null]]], class annotated with @DirtiesContext [false] with mode [null], method annotated with @DirtiesContext [false] with mode [null].
23:08:30.431 [Test worker] ?[39m[DEBUG]?[0;39m o.s.t.c.w.ServletTestExecutionListener - Resetting RequestContextHolder for test context [DefaultTestContext@3a94e046 testClass = TwitchFollowerSuggestionApplicationTests, testInstance = com.ollee.TwitchFollowerSuggestionApplicationTests@650272fa, testMethod = contextLoads@TwitchFollowerSuggestionApplicationTests, testException = [null], mergedContextConfiguration = [WebMergedContextConfiguration@4e374d5a testClass = TwitchFollowerSuggestionApplicationTests, locations = '{}', classes = '{class com.ollee.TwitchFollowerSuggestionApplication}', contextInitializerClasses = '[]', activeProfiles = '{}', propertySourceLocations = '{}', propertySourceProperties = '{org.springframework.boot.test.context.SpringBootTestContextBootstrapper=true}', contextCustomizers = set[org.springframework.boot.test.context.SpringBootTestContextCustomizer@1d732a8f, org.springframework.boot.test.context.filter.ExcludeFilterContextCustomizer@4bc5695e, org.springframework.boot.test.mock.mockito.MockitoContextCustomizer@0, org.springframework.boot.test.autoconfigure.properties.PropertyMappingContextCustomizer@0, org.springframework.boot.test.autoconfigure.web.servlet.WebDriverContextCustomizerFactory$Customizer@3dac4438], resourceBasePath = 'src/main/webapp', contextLoader = 'org.springframework.boot.test.context.SpringBootContextLoader', parent = [null]]].
23:08:30.432 [Test worker] ?[39m[DEBUG]?[0;39m o.s.t.c.s.AbstractDirtiesContextTestExecutionListener - After test class: context [DefaultTestContext@3a94e046 testClass = TwitchFollowerSuggestionApplicationTests, testInstance = [null], testMethod = [null], testException = [null], mergedContextConfiguration = [WebMergedContextConfiguration@4e374d5a testClass = TwitchFollowerSuggestionApplicationTests, locations = '{}', classes = '{class com.ollee.TwitchFollowerSuggestionApplication}', contextInitializerClasses = '[]', activeProfiles = '{}', propertySourceLocations = '{}', propertySourceProperties = '{org.springframework.boot.test.context.SpringBootTestContextBootstrapper=true}', contextCustomizers = set[org.springframework.boot.test.context.SpringBootTestContextCustomizer@1d732a8f, org.springframework.boot.test.context.filter.ExcludeFilterContextCustomizer@4bc5695e, org.springframework.boot.test.mock.mockito.MockitoContextCustomizer@0, org.springframework.boot.test.autoconfigure.properties.PropertyMappingContextCustomizer@0, org.springframework.boot.test.autoconfigure.web.servlet.WebDriverContextCustomizerFactory$Customizer@3dac4438], resourceBasePath = 'src/main/webapp', contextLoader = 'org.springframework.boot.test.context.SpringBootContextLoader', parent = [null]]], class annotated with @DirtiesContext [false] with mode [null].
]]></system-out>
  <system-err><![CDATA[SLF4J: Class path contains multiple SLF4J bindings.
SLF4J: Found binding in [jar:file:/C:/Users/Chris/.gradle/caches/modules-2/files-2.1/ch.qos.logback/logback-classic/1.1.11/ccedfbacef4a6515d2983e3f89ed753d5d4fb665/logback-classic-1.1.11.jar!/org/slf4j/impl/StaticLoggerBinder.class]
SLF4J: Found binding in [jar:file:/C:/Users/Chris/.gradle/caches/modules-2/files-2.1/org.slf4j/slf4j-log4j12/1.7.24/309d7b29b14573c05d4c69cc7e44da0cb17212d3/slf4j-log4j12-1.7.24.jar!/org/slf4j/impl/StaticLoggerBinder.class]
SLF4J: See http://www.slf4j.org/codes.html#multiple_bindings for an explanation.
SLF4J: Actual binding is of type [ch.qos.logback.classic.util.ContextSelectorStaticBinder]
]]></system-err>
</testsuite>
